1: (3/12 9:07:14.786) - Starting SMART Board software service 3/12/18 9:07 AM 9:07 AM (Version 11.3.2121.1 09:48:04 Jun 10 2014).
2: (3/12 9:07:14.846) - Stopping the SMART Board software service 3/12/18 9:07 AM 9:07 AM.
33: (3/12 9:07:14.839) - SMART Board (0x61) - on USB (1): RAW DATA OUT		> [0x02,0xd2,0x07,0xff,0x00,0x2a,0x00,0x00,0x00,0x00,0x00,0x00,0x00,0x00,0x00,0x00,0x00,0x00] 
34: (3/12 9:07:14.839) - SMART Board (0x61) - on USB (1): RAW DATA OUT		> [0x02,0xd2,0x07,0xff,0x20,0x0a,0x00,0x00,0x00,0x00,0x00,0x00,0x00,0x00,0x00,0x00,0x00,0x00] 
35: (3/12 9:07:14.860) - SMART Board (0x61) - on USB (1):  STATUS CHANGE from BOARD_NO_DATA to BOARD_CLOSED
36: (3/12 9:07:14.862) - SMART Board (0x61) - on USB (1): RAW DATA OUT		> [0x02,0xf0,0x19,0xe9,0x00,0x00,0x00,0x00,0x00,0x00,0x00,0x00,0x00,0x00,0x00,0x00,0x00,0x00] 
37: (3/12 9:07:14.906) - Stopping the SMART Board software service 3/12/18 9:07 AM 9:07 AM.
1: (3/12 9:07:19.368) - Starting SMART Board software service 3/12/18 9:07 AM 9:07 AM (Version 11.3.2121.1 09:48:04 Jun 10 2014).
2: (3/12 9:07:19.402) - SBSDK: Port number 45305.
3: (3/12 9:07:20.566) - Found SSP HID report Descriptor at location:70.
4: (3/12 9:07:20.566) - Found packet count = 18  at location:76.
5: (3/12 9:07:20.566) - Assign input packet count = 18 at location:78.
6: (3/12 9:07:20.566) - Found packet count = 18  at location:85.
7: (3/12 9:07:20.567) - Assign output packet count = 18 at location:87.
8: (3/12 9:07:20.567) - Found SSP HID report Descriptor end at location:90.
9: (3/12 9:07:20.567) - Return 18 from GetUSBHIDInputReportByteLengt.
10: (3/12 9:07:20.567) - Return 18 from GetUSBHIDOutputReportByteLength.
11: (3/12 9:07:20.568) - SMART Board (0x61) - on USB (1):  STATUS CHANGE from BOARD_CLOSED to BOARD_ANALYZING_DATA
12: (3/12 9:07:20.570) - SMART Board (0x61) - on USB (?): RAW DATA IN  < [0x02,0xc3,0x00,0x61,0x80,0x00,0x22,0x00,0x00,0x00,0x00,0x00,0x00,0x00,0x00,0x00,0x00,0x00] 
17: (3/12 9:07:20.610) -  
25: (3/12 9:07:20.668) - SMART Board (0x61) - on USB (1): RAW DATA IN  < [0x02,0xe1,0x14,0x00,0xf5,0x00,0x00,0x00,0x00,0x00,0x00,0x00,0x00,0x00,0x00,0x00,0x00,0x00] 
26: (3/12 9:07:20.671) - SMART Board (0x61) - on USB (1): RAW DATA IN  < [0x02,0xe1,0x02,0x10,0xf3,0x00,0x00,0x00,0x00,0x00,0x00,0x00,0x00,0x00,0x00,0x00,0x00,0x00] 
30: (3/12 9:07:20.691) - SMART Board (0x61) - on USB (1): RAW DATA IN  < [0x02,0xe1,0x02,0x10,0xf3,0x00,0x00,0x00,0x00,0x00,0x00,0x00,0x00,0x00,0x00,0x00,0x00,0x00] 
31: (3/12 9:07:20.695) - SMART Board (0x61) - on USB (1): RAW DATA IN  < [0x02,0xe1,0x02,0x10,0xf3,0x00,0x00,0x00,0x00,0x00,0x00,0x00,0x00,0x00,0x00,0x00,0x00,0x00] 
34: (3/12 9:07:20.708) - SMART Board (0x61) - on USB (1): RAW DATA IN  < [0x02,0xe1,0x02,0x10,0xf3,0x00,0x00,0x00,0x00,0x00,0x00,0x00,0x00,0x00,0x00,0x00,0x00,0x00] 
35: (3/12 9:07:20.711) - SMART Board (0x61) - on USB (1): RAW DATA IN  < [0x02,0x96,0x80,0x61,0x00,0x03,0x01,0x03,0x0a,0x7c,0x00,0x00,0x00,0x00,0x00,0x00,0x00,0x00] 
38: (3/12 9:07:20.714) - SMART Board (0x61) - on USB (1): RAW DATA IN  < [0x02,0xd2,0x05,0x00,0x00,0xd7,0x00,0x00,0x00,0x00,0x00,0x00,0x00,0x00,0x00,0x00,0x00,0x00] 
39: (3/12 9:07:20.714) - SMART Board (0x61) - on USB (1):  Tool change to: NO TOOL, tool source 0, mid stream 0, contact index 1, force send tool change 1.
40: (3/12 9:07:20.717) - SMART Board (0x61) - on USB (1): RAW DATA IN  < [0x02,0xe1,0x02,0x90,0x73,0x00,0x00,0x00,0x00,0x00,0x00,0x00,0x00,0x00,0x00,0x00,0x00,0x00] 
41: (3/12 9:07:20.719) - SMART Board (0x61) - on USB (1): RAW DATA IN  < [0x02,0xd2,0x0e,0x2f,0x00,0xf3,0x00,0x00,0x00,0x00,0x00,0x00,0x00,0x00,0x00,0x00,0x00,0x00] 
42: (3/12 9:07:20.721) - SMART Board (0x61) - on USB (1): RAW DATA IN  < [0x02,0xd2,0x0e,0x2f,0x00,0xf3,0x00,0x00,0x00,0x00,0x00,0x00,0x00,0x00,0x00,0x00,0x00,0x00] 
43: (3/12 9:07:20.723) - SMART Board (0x61) - on USB (1): RAW DATA IN  < [0x02,0xd2,0x0e,0x2f,0x00,0xf3,0x00,0x00,0x00,0x00,0x00,0x00,0x00,0x00,0x00,0x00,0x00,0x00] 
44: (3/12 9:07:20.724) - SMART Board (0x61) - on USB (1): RAW DATA IN  < [0x02,0xd2,0x0e,0x2f,0x00,0xf3,0x00,0x00,0x00,0x00,0x00,0x00,0x00,0x00,0x00,0x00,0x00,0x00] 
48: (3/12 9:07:20.797) - SMART Board (0x61) - on USB (1): RAW DATA IN  < [0x02,0xd2,0x07,0x00,0x00,0xd5,0x00,0x00,0x00,0x00,0x00,0x00,0x00,0x00,0x00,0x00,0x00,0x00] 
49: (3/12 9:07:20.801) - SMART Board (0x61) - on USB (1): RAW DATA IN  < [0x02,0xd2,0x0e,0x2f,0x00,0xf3,0x00,0x00,0x00,0x00,0x00,0x00,0x00,0x00,0x00,0x00,0x00,0x00] 
50: (3/12 9:07:20.803) - SMART Board (0x61) - on USB (1): RAW DATA IN  < [0x02,0xd2,0x07,0x20,0x00,0xf5,0x00,0x00,0x00,0x00,0x00,0x00,0x00,0x00,0x00,0x00,0x00,0x00] 
51: (3/12 9:07:21.111) -  
54: (3/12 9:07:21.181) - SMART Board (0x61) - on USB (1): RAW DATA IN  < [0x02,0xa5,0x80,0x61,0x00,0x04,0x16,0x2b,0x7d,0x00,0x00,0x00,0x00,0x00,0x00,0x00,0x00,0x00] 
55: (3/12 9:07:21.181) - SMART Board (0x61) - on USB (1): Firmware application checksum 0x162b
56: (3/12 9:07:21.612) -  
59: (3/12 9:07:21.677) - SMART Board (0x61) - on USB (1): RAW DATA IN  < [0x02,0x96,0x80,0x61,0x00,0x05,0x01,0x01,0x03,0x71,0x00,0x00,0x00,0x00,0x00,0x00,0x00,0x00] 
60: (3/12 9:07:21.677) - SMART Board (0x61) - on USB (1):  Firmware boot version 1.1.3.0
61: (3/12 9:07:22.113) -  
64: (3/12 9:07:22.180) - SMART Board (0x61) - on USB (1): RAW DATA IN  < [0x02,0xa5,0x80,0x61,0x00,0x06,0x70,0x47,0x75,0x00,0x00,0x00,0x00,0x00,0x00,0x00,0x00,0x00] 
65: (3/12 9:07:22.181) - SMART Board (0x61) - on USB (1):  Firmware boot checksum 0x7047
66: (3/12 9:07:22.614) -  
69: (3/12 9:07:22.677) - SMART Board (0x61) - on USB (1): RAW DATA IN  < [0x02,0xb4,0x01,0x61,0x01,0x10,0x01,0xc4,0x00,0x00,0x00,0x00,0x00,0x00,0x00,0x00,0x00,0x00] 
70: (3/12 9:07:22.677) - SMART Board (0x61) - on USB (1):  Pentray Found.
71: (3/12 9:07:23.115) -  
74: (3/12 9:07:23.180) - SMART Board (0x61) - on USB (1): RAW DATA IN  < [0x02,0xd2,0x05,0x00,0x00,0xd7,0x00,0x00,0x00,0x00,0x00,0x00,0x00,0x00,0x00,0x00,0x00,0x00] 
75: (3/12 9:07:23.181) - SMART Board (0x61) - on USB (1):  Tool change to: NO TOOL, tool source 0, mid stream 0, contact index 1, force send tool change 1.
78: (3/12 9:07:23.245) - SMART Board (0x61) - on USB (1): RAW DATA IN  < [0x02,0xd2,0x07,0x00,0x00,0xd5,0x00,0x00,0x00,0x00,0x00,0x00,0x00,0x00,0x00,0x00,0x00,0x00] 
79: (3/12 9:07:23.259) - SMART Board (0x61) - on USB (1): RAW DATA IN  < [0x02,0xd2,0x07,0x20,0x00,0xf5,0x00,0x00,0x00,0x00,0x00,0x00,0x00,0x00,0x00,0x00,0x00,0x00] 
80: (3/12 9:07:23.616) -  
83: (3/12 9:07:23.685) - SMART Board (0x61) - on USB (1): RAW DATA IN  < [0x02,0xd2,0x0d,0x00,0x02,0xdd,0x00,0x00,0x00,0x00,0x00,0x00,0x00,0x00,0x00,0x00,0x00,0x00] 
84: (3/12 9:07:24.117) -  
87: (3/12 9:07:24.181) - SMART Board (0x61) - on USB (1): RAW DATA IN  < [0x02,0x96,0x80,0x61,0x00,0x07,0x01,0x00,0x04,0x75,0x00,0x00,0x00,0x00,0x00,0x00,0x00,0x00] 
88: (3/12 9:07:24.181) - SMART Board (0x61) - on USB (1):  Firmware manufacturing version 1.0.4.0
89: (3/12 9:07:24.618) -  
92: (3/12 9:07:24.684) - SMART Board (0x61) - on USB (1): RAW DATA IN  < [0x02,0xa5,0x80,0x61,0x00,0x08,0x72,0x1e,0x20,0x00,0x00,0x00,0x00,0x00,0x00,0x00,0x00,0x00] 
93: (3/12 9:07:24.684) - SMART Board (0x61) - on USB (1):  Firmware manufacturing checksum 0x721e
94: (3/12 9:07:25.119) -  
97: (3/12 9:07:25.180) - SMART Board (0x61) - on USB (1): RAW DATA IN  < [0x02,0xa5,0x80,0x61,0x00,0x09,0x11,0xac,0xf0,0x00,0x00,0x00,0x00,0x00,0x00,0x00,0x00,0x00] 
98: (3/12 9:07:25.180) - SMART Board (0x61) - on USB (1):  Entire hex image checksum 0x11ac
99: (3/12 9:07:25.620) -  
102: (3/12 9:07:25.696) - SMART Board (0x61) - on USB (1): RAW DATA IN  < [0x02,0x96,0x80,0x10,0x00,0x03,0x01,0x00,0x0a,0x0e,0x00,0x00,0x00,0x00,0x00,0x00,0x00,0x00] 
103: (3/12 9:07:25.697) - SMART Board (0x61) - on USB (1):  Device Type 0x10 - Firmware App Version 1.0.10.0
104: (3/12 9:07:26.121) -  
107: (3/12 9:07:26.193) - SMART Board (0x61) - on USB (1): RAW DATA IN  < [0x02,0xa5,0x80,0x10,0x00,0x04,0xb8,0x6b,0xe2,0x00,0x00,0x00,0x00,0x00,0x00,0x00,0x00,0x00] 
108: (3/12 9:07:26.193) - SMART Board (0x61) - on USB (1):  Device Type 0x10 - Firmware App Checksum 0xb86b
109: (3/12 9:07:26.622) -  
112: (3/12 9:07:26.685) - SMART Board (0x61) - on USB (1): RAW DATA IN  < [0x02,0xe1,0x02,0x90,0x73,0x00,0x00,0x00,0x00,0x00,0x00,0x00,0x00,0x00,0x00,0x00,0x00,0x00] 
113: (3/12 9:07:26.733) - SMART Board (0x61) - on USB (1): RAW DATA OUT		> [0x02,0xf0,0x0e,0xfe,0x00,0x00,0x00,0x00,0x00,0x00,0x00,0x00,0x00,0x00,0x00,0x00,0x00,0x00] 
114: (3/12 9:07:26.741) - SMART Board (0x61) - on USB (1): RAW DATA IN  < [0x02,0xd2,0x0e,0x2f,0x00,0xf3,0x00,0x00,0x00,0x00,0x00,0x00,0x00,0x00,0x00,0x00,0x00,0x00] 
115: (3/12 9:07:27.123) -  
116: (3/12 9:07:27.171) -  
117: (3/12 9:07:27.624) -  
118: (3/12 9:07:27.672) -  
119: (3/12 9:07:28.125) -  
120: (3/12 9:07:28.125) -  
121: (3/12 9:07:28.626) -  
122: (3/12 9:07:28.674) -  
123: (3/12 9:07:29.127) -  
124: (3/12 9:07:29.175) -  
125: (3/12 9:07:29.629) -  
126: (3/12 9:07:29.677) -  
127: (3/12 9:07:29.680) - SMART Board (0x61) - on USB (1): RAW DATA OUT		> [0x02,0xf0,0x01,0xf1,0x00,0x00,0x00,0x00,0x00,0x00,0x00,0x00,0x00,0x00,0x00,0x00,0x00,0x00] 
128: (3/12 9:07:29.690) - SMART Board (0x61) - on USB (1): RAW DATA IN  < [0x02,0xb4,0x01,0x61,0x01,0x10,0x01,0xc4,0x00,0x00,0x00,0x00,0x00,0x00,0x00,0x00,0x00,0x00] 
129: (3/12 9:07:29.691) - SMART Board (0x61) - on USB (1):  Pentray Found.
130: (3/12 9:07:30.129) -  
131: (3/12 9:07:30.178) -  
132: (3/12 9:07:30.185) - SMART Board (0x61) - on USB (1): RAW DATA OUT		> [0x02,0xc3,0x80,0x05,0x00,0x03,0x45,0x00,0x00,0x00,0x00,0x00,0x00,0x00,0x00,0x00,0x00,0x00] 
133: (3/12 9:07:30.197) - SMART Board (0x61) - on USB (1): RAW DATA IN  < [0x02,0xe1,0xff,0x80,0x9e,0x00,0x00,0x00,0x00,0x00,0x00,0x00,0x00,0x00,0x00,0x00,0x00,0x00] 
134: (3/12 9:07:30.630) -  
135: (3/12 9:07:30.679) -  
136: (3/12 9:07:31.136) -  
137: (3/12 9:07:31.186) -  
138: (3/12 9:07:31.632) -  
139: (3/12 9:07:31.681) -  
140: (3/12 9:07:31.689) - SMART Board (0x61) - on USB (1): RAW DATA OUT		> [0x02,0xc3,0x88,0x61,0x00,0x01,0x2b,0x00,0x00,0x00,0x00,0x00,0x00,0x00,0x00,0x00,0x00,0x00] 
141: (3/12 9:07:31.699) - SMART Board (0x61) - on USB (1): RAW DATA IN  < [0x02,0xb4,0x88,0x61,0x00,0x01,0x01,0x5d,0x00,0x00,0x00,0x00,0x00,0x00,0x00,0x00,0x00,0x00] 
142: (3/12 9:07:31.700) - SMART Board (0x61) - on USB (1):  Device capabilities - dual touch 0, frodo 1, non-proj 0, DViT Multi-Touch 0, Passive Retro Pen 0, dual sheet calibraton 0, 25 pt calibration 0, Mercury ASIC camera implementation 0
143: (3/12 9:07:32.134) -  
144: (3/12 9:07:32.183) -  
145: (3/12 9:07:32.636) -  
146: (3/12 9:07:32.685) -  
147: (3/12 9:07:32.689) - SMART Board (0x61) - on USB (1): RAW DATA OUT		> [0x02,0xc3,0xa0,0x61,0x00,0x00,0x02,0x00,0x00,0x00,0x00,0x00,0x00,0x00,0x00,0x00,0x00,0x00] 
148: (3/12 9:07:32.697) - SMART Board (0x61) - on USB (1): RAW DATA OUT		> [0x02,0xc3,0xa0,0x61,0x00,0x02,0x00,0x00,0x00,0x00,0x00,0x00,0x00,0x00,0x00,0x00,0x00,0x00] 
149: (3/12 9:07:32.708) - SMART Board (0x61) - on USB (1): RAW DATA IN  < [0x02,0x3c,0xa0,0x61,0x00,0x00,0x08,0x00,0x00,0x00,0x00,0x0f,0xff,0x0f,0xff,0xf5,0x00,0x00] 
150: (3/12 9:07:32.709) - SMART Board (0x61) - on USB (1): Voltage X- is good at 0.00 V  (Range 0.00 - 3.66).
151: (3/12 9:07:32.709) - SMART Board (0x61) - on USB (1): Voltage Y- is good at 0.00 V  (Range 0.00 - 3.66).
152: (3/12 9:07:32.710) - SMART Board (0x61) - on USB (1): RAW DATA IN  < [0x02,0xe1,0xff,0xa0,0xbe,0x00,0x00,0x00,0x00,0x00,0x00,0x00,0x00,0x00,0x00,0x00,0x00,0x00] 
153: (3/12 9:07:32.710) - SMART Board (0x61) - on USB (1): Voltage Y+ is good at 3.30 V  (Range 0.00 - 3.66).
154: (3/12 9:07:32.711) - SMART Board (0x61) - on USB (1): Voltage X+ is good at 3.30 V  (Range 0.00 - 3.66).
155: (3/12 9:07:32.759) - SMART Board (0x61) - on USB (1): RAW DATA OUT		> [0x02,0xf0,0x0d,0xfd,0x00,0x00,0x00,0x00,0x00,0x00,0x00,0x00,0x00,0x00,0x00,0x00,0x00,0x00] 
156: (3/12 9:07:32.761) - SMART Board (0x61) - on USB (1): RAW DATA OUT		> [0x02,0xf0,0x0c,0xfc,0x00,0x00,0x00,0x00,0x00,0x00,0x00,0x00,0x00,0x00,0x00,0x00,0x00,0x00] 
157: (3/12 9:07:32.773) - SMART Board (0x61) - on USB (1): RAW DATA IN  < [0x02,0xd2,0x0d,0x00,0x02,0xdd,0x00,0x00,0x00,0x00,0x00,0x00,0x00,0x00,0x00,0x00,0x00,0x00] 
158: (3/12 9:07:32.775) - SMART Board (0x61) - on USB (1): RAW DATA IN  < [0x02,0xe1,0x0c,0x57,0xba,0x00,0x00,0x00,0x00,0x00,0x00,0x00,0x00,0x00,0x00,0x00,0x00,0x00] 
159: (3/12 9:07:32.775) - SMART Board (0x61) - on USB (1): Board size is 87 inches
160: (3/12 9:07:32.775) - SMART Board (0x61) - on USB (1): Board test message 11,87
161: (3/12 9:07:33.135) -  
162: (3/12 9:07:33.184) -  
163: (3/12 9:07:33.636) -  
164: (3/12 9:07:33.684) -  
165: (3/12 9:07:34.138) -  
166: (3/12 9:07:34.186) -  
167: (3/12 9:07:34.640) -  
168: (3/12 9:07:34.688) -  
169: (3/12 9:07:35.139) -  
170: (3/12 9:07:35.187) -  
171: (3/12 9:07:35.640) -  
172: (3/12 9:07:35.689) -  
173: (3/12 9:07:35.747) - SMART Board (0x61) - on USB (1): RAW DATA OUT		> [0x02,0xc3,0xa0,0x61,0x00,0x01,0x03,0x00,0x00,0x00,0x00,0x00,0x00,0x00,0x00,0x00,0x00,0x00] 
174: (3/12 9:07:35.756) - SMART Board (0x61) - on USB (1): RAW DATA IN  < [0x02,0x78,0xa0,0x61,0x00,0x01,0x04,0x01,0xf9,0x00,0xda,0x9e,0x00,0x00,0x00,0x00,0x00,0x00] 
175: (3/12 9:07:35.757) - SMART Board (0x61) - on USB (1): Board test message 12,33095898
176: (3/12 9:07:35.757) - SMART Board (0x61) - on USB (1): X Sheet resistance  is good at 505 ohms  (Range 240 - 533).
177: (3/12 9:07:35.757) - SMART Board (0x61) - on USB (1): Y Sheet resistance  is good at 218 ohms  (Range 135 - 263).
178: (3/12 9:07:36.141) -  
179: (3/12 9:07:36.189) -  
180: (3/12 9:07:36.644) -  
181: (3/12 9:07:36.692) -  
182: (3/12 9:07:37.142) -  
183: (3/12 9:07:37.191) -  
184: (3/12 9:07:37.648) -  
185: (3/12 9:07:37.649) -  
186: (3/12 9:07:38.145) -  
187: (3/12 9:07:38.193) -  
188: (3/12 9:07:38.648) -  
189: (3/12 9:07:38.696) -  
190: (3/12 9:07:39.147) -  
191: (3/12 9:07:39.196) -  
192: (3/12 9:07:39.648) -  
193: (3/12 9:07:39.696) -  
194: (3/12 9:07:39.704) - SMART Board (0x61) - on USB (1): RAW DATA OUT		> [0x02,0xf0,0x01,0xf1,0x00,0x00,0x00,0x00,0x00,0x00,0x00,0x00,0x00,0x00,0x00,0x00,0x00,0x00] 
195: (3/12 9:07:39.716) - SMART Board (0x61) - on USB (1): RAW DATA IN  < [0x02,0xb4,0x01,0x61,0x01,0x10,0x01,0xc4,0x00,0x00,0x00,0x00,0x00,0x00,0x00,0x00,0x00,0x00] 
196: (3/12 9:07:39.716) - SMART Board (0x61) - on USB (1):  Pentray Found.
197: (3/12 9:07:40.150) -  
198: (3/12 9:07:40.198) -  
199: (3/12 9:07:40.653) -  
200: (3/12 9:07:40.702) -  
201: (3/12 9:07:41.152) -  
202: (3/12 9:07:41.200) -  
203: (3/12 9:07:41.653) -  
204: (3/12 9:07:41.703) -  
205: (3/12 9:07:42.154) -  
206: (3/12 9:07:42.204) -  
207: (3/12 9:07:42.655) -  
208: (3/12 9:07:42.704) -  
209: (3/12 9:07:43.156) -  
210: (3/12 9:07:43.205) -  
211: (3/12 9:07:43.657) -  
212: (3/12 9:07:43.707) -  
213: (3/12 9:07:44.162) -  
214: (3/12 9:07:44.210) -  
215: (3/12 9:07:44.659) -  
216: (3/12 9:07:44.659) -  
217: (3/12 9:07:45.160) -  
218: (3/12 9:07:45.209) -  
219: (3/12 9:07:45.661) -  
220: (3/12 9:07:45.709) -  
221: (3/12 9:07:46.163) -  
222: (3/12 9:07:46.211) -  
223: (3/12 9:07:46.666) -  
224: (3/12 9:07:46.715) -  
225: (3/12 9:07:47.168) -  
226: (3/12 9:07:47.216) -  
227: (3/12 9:07:47.665) -  
228: (3/12 9:07:47.713) -  
229: (3/12 9:07:48.168) -  
230: (3/12 9:07:48.215) -  
231: (3/12 9:07:48.667) -  
232: (3/12 9:07:48.715) -  
233: (3/12 9:07:49.168) -  
234: (3/12 9:07:49.216) -  
235: (3/12 9:07:49.668) -  
236: (3/12 9:07:49.717) -  
237: (3/12 9:07:49.721) - SMART Board (0x61) - on USB (1): RAW DATA OUT		> [0x02,0xf0,0x01,0xf1,0x00,0x00,0x00,0x00,0x00,0x00,0x00,0x00,0x00,0x00,0x00,0x00,0x00,0x00] 
238: (3/12 9:07:49.732) - SMART Board (0x61) - on USB (1): RAW DATA IN  < [0x02,0xb4,0x01,0x61,0x01,0x10,0x01,0xc4,0x00,0x00,0x00,0x00,0x00,0x00,0x00,0x00,0x00,0x00] 
239: (3/12 9:07:49.732) - SMART Board (0x61) - on USB (1):  Pentray Found.
240: (3/12 9:07:50.170) -  
241: (3/12 9:07:50.219) -  
242: (3/12 9:07:50.671) -  
243: (3/12 9:07:50.719) -  
244: (3/12 9:07:51.172) -  
245: (3/12 9:07:51.220) -  
246: (3/12 9:07:51.678) -  
247: (3/12 9:07:51.727) -  
248: (3/12 9:07:52.178) -  
249: (3/12 9:07:52.227) -  
250: (3/12 9:07:52.675) -  
251: (3/12 9:07:52.723) -  
252: (3/12 9:07:53.179) -  
253: (3/12 9:07:53.228) -  
254: (3/12 9:07:53.676) -  
255: (3/12 9:07:53.725) -  
256: (3/12 9:07:54.178) -  
257: (3/12 9:07:54.226) -  
258: (3/12 9:07:54.679) -  
259: (3/12 9:07:54.727) -  
260: (3/12 9:07:54.795) - SMART Board (0x61) - on USB (1): RAW DATA IN  < [0x02,0xd2,0x05,0x10,0x00,0xc7,0x00,0x00,0x00,0x00,0x00,0x00,0x00,0x00,0x00,0x00,0x00,0x00] 
261: (3/12 9:07:54.796) - SMART Board (0x61) - on USB (1):  Tool change to: BLACK PEN, tool source 0, mid stream 0, contact index 1, force send tool change 1.
262: (3/12 9:07:54.844) - SMART Board (0x61) - on USB (1): RAW DATA OUT		> [0x02,0xd2,0x07,0xff,0x10,0x3a,0x00,0x00,0x00,0x00,0x00,0x00,0x00,0x00,0x00,0x00,0x00,0x00] 
263: (3/12 9:07:54.857) - SMART Board (0x61) - on USB (1): RAW DATA IN  < [0x02,0xd2,0x07,0x10,0x00,0xc5,0x00,0x00,0x00,0x00,0x00,0x00,0x00,0x00,0x00,0x00,0x00,0x00] 
264: (3/12 9:07:55.180) -  
265: (3/12 9:07:55.229) -  
266: (3/12 9:07:55.509) - SMART Board (0x61) - on USB (1): RAW DATA IN  < [0x02,0xd2,0x05,0x00,0x00,0xd7,0x00,0x00,0x00,0x00,0x00,0x00,0x00,0x00,0x00,0x00,0x00,0x00] 
267: (3/12 9:07:55.510) - SMART Board (0x61) - on USB (1):  Tool change to: NO TOOL, tool source 0, mid stream 0, contact index 1, force send tool change 1.
268: (3/12 9:07:55.557) - SMART Board (0x61) - on USB (1): RAW DATA OUT		> [0x02,0xd2,0x07,0xff,0x00,0x2a,0x00,0x00,0x00,0x00,0x00,0x00,0x00,0x00,0x00,0x00,0x00,0x00] 
269: (3/12 9:07:55.561) - SMART Board (0x61) - on USB (1): RAW DATA OUT		> [0x02,0xd2,0x07,0xff,0x20,0x0a,0x00,0x00,0x00,0x00,0x00,0x00,0x00,0x00,0x00,0x00,0x00,0x00] 
270: (3/12 9:07:55.573) - SMART Board (0x61) - on USB (1): RAW DATA IN  < [0x02,0xd2,0x07,0x00,0x00,0xd5,0x00,0x00,0x00,0x00,0x00,0x00,0x00,0x00,0x00,0x00,0x00,0x00] 
271: (3/12 9:07:55.585) - SMART Board (0x61) - on USB (1): RAW DATA IN  < [0x02,0xd2,0x07,0x20,0x00,0xf5,0x00,0x00,0x00,0x00,0x00,0x00,0x00,0x00,0x00,0x00,0x00,0x00] 
272: (3/12 9:07:55.686) -  
273: (3/12 9:07:55.735) -  
274: (3/12 9:07:56.182) -  
275: (3/12 9:07:56.231) -  
276: (3/12 9:07:56.629) - SMART Board (0x61) - on USB (1): RAW DATA IN  < [0x02,0xd2,0x05,0x08,0x00,0xdf,0x00,0x00,0x00,0x00,0x00,0x00,0x00,0x00,0x00,0x00,0x00,0x00] 
277: (3/12 9:07:56.630) - SMART Board (0x61) - on USB (1):  Tool change to: RED PEN, tool source 0, mid stream 0, contact index 1, force send tool change 1.
278: (3/12 9:07:56.678) - SMART Board (0x61) - on USB (1): RAW DATA OUT		> [0x02,0xd2,0x07,0xff,0x08,0x22,0x00,0x00,0x00,0x00,0x00,0x00,0x00,0x00,0x00,0x00,0x00,0x00] 
279: (3/12 9:07:56.683) -  
280: (3/12 9:07:56.685) - SMART Board (0x61) - on USB (1): RAW DATA IN  < [0x02,0xd2,0x07,0x08,0x00,0xdd,0x00,0x00,0x00,0x00,0x00,0x00,0x00,0x00,0x00,0x00,0x00,0x00] 
281: (3/12 9:07:56.685) -  
282: (3/12 9:07:57.184) -  
283: (3/12 9:07:57.185) -  
284: (3/12 9:07:57.350) - SMART Board (0x61) - on USB (1): RAW DATA IN  < [0x02,0xd2,0x05,0x00,0x00,0xd7,0x00,0x00,0x00,0x00,0x00,0x00,0x00,0x00,0x00,0x00,0x00,0x00] 
285: (3/12 9:07:57.350) - SMART Board (0x61) - on USB (1):  Tool change to: NO TOOL, tool source 0, mid stream 0, contact index 1, force send tool change 1.
286: (3/12 9:07:57.400) - SMART Board (0x61) - on USB (1): RAW DATA OUT		> [0x02,0xd2,0x07,0xff,0x00,0x2a,0x00,0x00,0x00,0x00,0x00,0x00,0x00,0x00,0x00,0x00,0x00,0x00] 
287: (3/12 9:07:57.409) - SMART Board (0x61) - on USB (1): RAW DATA OUT		> [0x02,0xd2,0x07,0xff,0x20,0x0a,0x00,0x00,0x00,0x00,0x00,0x00,0x00,0x00,0x00,0x00,0x00,0x00] 
288: (3/12 9:07:57.421) - SMART Board (0x61) - on USB (1): RAW DATA IN  < [0x02,0xd2,0x07,0x00,0x00,0xd5,0x00,0x00,0x00,0x00,0x00,0x00,0x00,0x00,0x00,0x00,0x00,0x00] 
289: (3/12 9:07:57.426) - SMART Board (0x61) - on USB (1): RAW DATA IN  < [0x02,0xd2,0x07,0x20,0x00,0xf5,0x00,0x00,0x00,0x00,0x00,0x00,0x00,0x00,0x00,0x00,0x00,0x00] 
290: (3/12 9:07:57.684) -  
291: (3/12 9:07:57.732) -  
292: (3/12 9:07:58.187) -  
293: (3/12 9:07:58.236) -  
294: (3/12 9:07:58.686) -  
295: (3/12 9:07:58.736) -  
296: (3/12 9:07:59.187) -  
297: (3/12 9:07:59.236) -  
298: (3/12 9:07:59.689) -  
299: (3/12 9:07:59.737) -  
300: (3/12 9:07:59.744) - SMART Board (0x61) - on USB (1): RAW DATA OUT		> [0x02,0xf0,0x01,0xf1,0x00,0x00,0x00,0x00,0x00,0x00,0x00,0x00,0x00,0x00,0x00,0x00,0x00,0x00] 
301: (3/12 9:07:59.756) - SMART Board (0x61) - on USB (1): RAW DATA IN  < [0x02,0xb4,0x01,0x61,0x01,0x10,0x01,0xc4,0x00,0x00,0x00,0x00,0x00,0x00,0x00,0x00,0x00,0x00] 
302: (3/12 9:07:59.756) - SMART Board (0x61) - on USB (1):  Pentray Found.
303: (3/12 9:07:59.996) - SMART Board (0x61) - on USB (1): RAW DATA IN  < [0x02,0xd2,0x05,0x02,0x00,0xd5,0x00,0x00,0x00,0x00,0x00,0x00,0x00,0x00,0x00,0x00,0x00,0x00] 
304: (3/12 9:07:59.996) - SMART Board (0x61) - on USB (1):  Tool change to: GREEN PEN, tool source 0, mid stream 0, contact index 1, force send tool change 1.
305: (3/12 9:08:00.044) - SMART Board (0x61) - on USB (1): RAW DATA OUT		> [0x02,0xd2,0x07,0xff,0x02,0x28,0x00,0x00,0x00,0x00,0x00,0x00,0x00,0x00,0x00,0x00,0x00,0x00] 
306: (3/12 9:08:00.052) - SMART Board (0x61) - on USB (1): RAW DATA IN  < [0x02,0xd2,0x07,0x02,0x00,0xd7,0x00,0x00,0x00,0x00,0x00,0x00,0x00,0x00,0x00,0x00,0x00,0x00] 
307: (3/12 9:08:00.189) -  
308: (3/12 9:08:00.238) -  
309: (3/12 9:08:00.693) -  
310: (3/12 9:08:00.694) -  
311: (3/12 9:08:00.710) - SMART Board (0x61) - on USB (1): RAW DATA IN  < [0x02,0xd2,0x05,0x00,0x00,0xd7,0x00,0x00,0x00,0x00,0x00,0x00,0x00,0x00,0x00,0x00,0x00,0x00] 
312: (3/12 9:08:00.711) - SMART Board (0x61) - on USB (1):  Tool change to: NO TOOL, tool source 0, mid stream 0, contact index 1, force send tool change 1.
313: (3/12 9:08:00.760) - SMART Board (0x61) - on USB (1): RAW DATA OUT		> [0x02,0xd2,0x07,0xff,0x00,0x2a,0x00,0x00,0x00,0x00,0x00,0x00,0x00,0x00,0x00,0x00,0x00,0x00] 
314: (3/12 9:08:00.769) - SMART Board (0x61) - on USB (1): RAW DATA OUT		> [0x02,0xd2,0x07,0xff,0x20,0x0a,0x00,0x00,0x00,0x00,0x00,0x00,0x00,0x00,0x00,0x00,0x00,0x00] 
315: (3/12 9:08:00.781) - SMART Board (0x61) - on USB (1): RAW DATA IN  < [0x02,0xd2,0x07,0x00,0x00,0xd5,0x00,0x00,0x00,0x00,0x00,0x00,0x00,0x00,0x00,0x00,0x00,0x00] 
316: (3/12 9:08:00.782) - SMART Board (0x61) - on USB (1): RAW DATA IN  < [0x02,0xd2,0x07,0x20,0x00,0xf5,0x00,0x00,0x00,0x00,0x00,0x00,0x00,0x00,0x00,0x00,0x00,0x00] 
317: (3/12 9:08:01.192) -  
318: (3/12 9:08:01.241) -  
319: (3/12 9:08:01.522) - SMART Board (0x61) - on USB (1): RAW DATA IN  < [0x02,0xd2,0x05,0x01,0x00,0xd6,0x00,0x00,0x00,0x00,0x00,0x00,0x00,0x00,0x00,0x00,0x00,0x00] 
320: (3/12 9:08:01.522) - SMART Board (0x61) - on USB (1):  Tool change to: BLUE PEN, tool source 0, mid stream 0, contact index 1, force send tool change 1.
321: (3/12 9:08:01.570) - SMART Board (0x61) - on USB (1): RAW DATA OUT		> [0x02,0xd2,0x07,0xff,0x01,0x2b,0x00,0x00,0x00,0x00,0x00,0x00,0x00,0x00,0x00,0x00,0x00,0x00] 
322: (3/12 9:08:01.584) - SMART Board (0x61) - on USB (1): RAW DATA IN  < [0x02,0xd2,0x07,0x01,0x00,0xd4,0x00,0x00,0x00,0x00,0x00,0x00,0x00,0x00,0x00,0x00,0x00,0x00] 
323: (3/12 9:08:01.693) -  
324: (3/12 9:08:01.742) -  
325: (3/12 9:08:02.199) -  
326: (3/12 9:08:02.236) - SMART Board (0x61) - on USB (1): RAW DATA IN  < [0x02,0xd2,0x05,0x00,0x00,0xd7,0x00,0x00,0x00,0x00,0x00,0x00,0x00,0x00,0x00,0x00,0x00,0x00] 
327: (3/12 9:08:02.237) -  
328: (3/12 9:08:02.237) - SMART Board (0x61) - on USB (1):  Tool change to: NO TOOL, tool source 0, mid stream 0, contact index 1, force send tool change 1.
329: (3/12 9:08:02.289) - SMART Board (0x61) - on USB (1): RAW DATA OUT		> [0x02,0xd2,0x07,0xff,0x00,0x2a,0x00,0x00,0x00,0x00,0x00,0x00,0x00,0x00,0x00,0x00,0x00,0x00] 
330: (3/12 9:08:02.297) - SMART Board (0x61) - on USB (1): RAW DATA OUT		> [0x02,0xd2,0x07,0xff,0x20,0x0a,0x00,0x00,0x00,0x00,0x00,0x00,0x00,0x00,0x00,0x00,0x00,0x00] 
331: (3/12 9:08:02.309) - SMART Board (0x61) - on USB (1): RAW DATA IN  < [0x02,0xd2,0x07,0x00,0x00,0xd5,0x00,0x00,0x00,0x00,0x00,0x00,0x00,0x00,0x00,0x00,0x00,0x00] 
332: (3/12 9:08:02.312) - SMART Board (0x61) - on USB (1): RAW DATA IN  < [0x02,0xd2,0x07,0x20,0x00,0xf5,0x00,0x00,0x00,0x00,0x00,0x00,0x00,0x00,0x00,0x00,0x00,0x00] 
333: (3/12 9:08:02.695) -  
334: (3/12 9:08:02.745) -  
335: (3/12 9:08:03.196) -  
336: (3/12 9:08:03.245) -  
337: (3/12 9:08:03.697) -  
338: (3/12 9:08:03.747) -  
339: (3/12 9:08:04.198) -  
340: (3/12 9:08:04.246) -  
341: (3/12 9:08:04.700) -  
342: (3/12 9:08:04.749) -  
343: (3/12 9:08:05.200) -  
344: (3/12 9:08:05.249) -  
345: (3/12 9:08:05.702) -  
346: (3/12 9:08:05.750) -  
347: (3/12 9:08:06.202) -  
348: (3/12 9:08:06.251) -  
349: (3/12 9:08:06.703) -  
350: (3/12 9:08:06.753) -  
351: (3/12 9:08:07.205) -  
352: (3/12 9:08:07.254) -  
353: (3/12 9:08:07.707) -  
354: (3/12 9:08:07.756) -  
355: (3/12 9:08:08.206) -  
356: (3/12 9:08:08.255) -  
357: (3/12 9:08:08.707) -  
358: (3/12 9:08:08.755) -  
359: (3/12 9:08:09.207) -  
360: (3/12 9:08:09.257) -  
361: (3/12 9:08:09.709) -  
362: (3/12 9:08:09.757) -  
363: (3/12 9:08:09.761) - SMART Board (0x61) - on USB (1): RAW DATA OUT		> [0x02,0xf0,0x01,0xf1,0x00,0x00,0x00,0x00,0x00,0x00,0x00,0x00,0x00,0x00,0x00,0x00,0x00,0x00] 
364: (3/12 9:08:09.772) - SMART Board (0x61) - on USB (1): RAW DATA IN  < [0x02,0xb4,0x01,0x61,0x01,0x10,0x01,0xc4,0x00,0x00,0x00,0x00,0x00,0x00,0x00,0x00,0x00,0x00] 
365: (3/12 9:08:09.773) - SMART Board (0x61) - on USB (1):  Pentray Found.
366: (3/12 9:08:10.210) -  
367: (3/12 9:08:10.259) -  
368: (3/12 9:08:10.711) -  
369: (3/12 9:08:10.759) -  
370: (3/12 9:08:11.216) -  
371: (3/12 9:08:11.265) -  
372: (3/12 9:08:11.713) -  
373: (3/12 9:08:11.761) -  
374: (3/12 9:08:12.214) -  
375: (3/12 9:08:12.262) -  
376: (3/12 9:08:12.718) -  
377: (3/12 9:08:12.767) -  
378: (3/12 9:08:13.216) -  
379: (3/12 9:08:13.265) -  
380: (3/12 9:08:13.717) -  
381: (3/12 9:08:13.766) -  
382: (3/12 9:08:14.222) -  
383: (3/12 9:08:14.270) -  
384: (3/12 9:08:14.724) -  
385: (3/12 9:08:14.772) -  
386: (3/12 9:08:15.220) -  
387: (3/12 9:08:15.269) -  
388: (3/12 9:08:15.723) -  
389: (3/12 9:08:15.770) -  
390: (3/12 9:08:16.224) -  
391: (3/12 9:08:16.273) -  
392: (3/12 9:08:16.722) -  
393: (3/12 9:08:16.771) -  
1: (3/12 9:08:16.912) - Starting SMART Board software service 3/12/18 9:08 AM 9:08 AM (Version 11.3.2121.1 09:48:04 Jun 10 2014).
2: (3/12 9:08:16.969) - Stopping the SMART Board software service 3/12/18 9:08 AM 9:08 AM.
394: (3/12 9:08:16.971) - SMART Board (0x61) - on USB (1): RAW DATA OUT		> [0x02,0xd2,0x07,0xff,0x00,0x2a,0x00,0x00,0x00,0x00,0x00,0x00,0x00,0x00,0x00,0x00,0x00,0x00] 
395: (3/12 9:08:16.976) - SMART Board (0x61) - on USB (1): RAW DATA OUT		> [0x02,0xd2,0x07,0xff,0x20,0x0a,0x00,0x00,0x00,0x00,0x00,0x00,0x00,0x00,0x00,0x00,0x00,0x00] 
396: (3/12 9:08:16.978) - SMART Board (0x61) - on USB (1):  STATUS CHANGE from BOARD_OPEN to BOARD_CLOSED
397: (3/12 9:08:16.984) - SMART Board (0x61) - on USB (1): RAW DATA OUT		> [0x02,0xf0,0x19,0xe9,0x00,0x00,0x00,0x00,0x00,0x00,0x00,0x00,0x00,0x00,0x00,0x00,0x00,0x00] 
398: (3/12 9:08:17.026) - Stopping the SMART Board software service 3/12/18 9:08 AM 9:08 AM.
1: (3/12 8:53:05.529) - Starting SMART Board software service 3/12/18 8:53 AM 8:53 AM (Version 11.3.2121.1 09:48:04 Jun 10 2014).
2: (3/12 8:53:05.588) - SBSDK: Port number 59471.
3: (3/12 8:53:05.648) - SMART Board (0x61) - on USB (1):  STATUS CHANGE from BOARD_CLOSED to BOARD_DEVICE_IN_USE
4: (3/12 8:55:05.841) - SMART Board (0x61) - on USB (1):  STATUS CHANGE from BOARD_DEVICE_IN_USE to BOARD_DEVICE_NOT_PRESENT
