1: (3/12 9:07:14.786) - Starting SMART Board software service 3/12/18 9:07 AM 9:07 AM (Version 11.3.2121.1 09:48:04 Jun 10 2014).
2: (3/12 9:07:14.846) - Stopping the SMART Board software service 3/12/18 9:07 AM 9:07 AM.
33: (3/12 9:07:14.839) - SMART Board (0x61) - on USB (1): RAW DATA OUT		> [0x02,0xd2,0x07,0xff,0x00,0x2a,0x00,0x00,0x00,0x00,0x00,0x00,0x00,0x00,0x00,0x00,0x00,0x00] 
34: (3/12 9:07:14.839) - SMART Board (0x61) - on USB (1): RAW DATA OUT		> [0x02,0xd2,0x07,0xff,0x20,0x0a,0x00,0x00,0x00,0x00,0x00,0x00,0x00,0x00,0x00,0x00,0x00,0x00] 
35: (3/12 9:07:14.860) - SMART Board (0x61) - on USB (1):  STATUS CHANGE from BOARD_NO_DATA to BOARD_CLOSED
36: (3/12 9:07:14.862) - SMART Board (0x61) - on USB (1): RAW DATA OUT		> [0x02,0xf0,0x19,0xe9,0x00,0x00,0x00,0x00,0x00,0x00,0x00,0x00,0x00,0x00,0x00,0x00,0x00,0x00] 
37: (3/12 9:07:14.906) - Stopping the SMART Board software service 3/12/18 9:07 AM 9:07 AM.
1: (3/12 9:07:19.368) - Starting SMART Board software service 3/12/18 9:07 AM 9:07 AM (Version 11.3.2121.1 09:48:04 Jun 10 2014).
2: (3/12 9:07:19.402) - SBSDK: Port number 45305.
3: (3/12 9:07:20.566) - Found SSP HID report Descriptor at location:70.
4: (3/12 9:07:20.566) - Found packet count = 18  at location:76.
5: (3/12 9:07:20.566) - Assign input packet count = 18 at location:78.
6: (3/12 9:07:20.566) - Found packet count = 18  at location:85.
7: (3/12 9:07:20.567) - Assign output packet count = 18 at location:87.
8: (3/12 9:07:20.567) - Found SSP HID report Descriptor end at location:90.
9: (3/12 9:07:20.567) - Return 18 from GetUSBHIDInputReportByteLengt.
10: (3/12 9:07:20.567) - Return 18 from GetUSBHIDOutputReportByteLength.
11: (3/12 9:07:20.568) - SMART Board (0x61) - on USB (1):  STATUS CHANGE from BOARD_CLOSED to BOARD_ANALYZING_DATA
12: (3/12 9:07:20.570) - SMART Board (0x61) - on USB (?): RAW DATA IN  < [0x02,0xc3,0x00,0x61,0x80,0x00,0x22,0x00,0x00,0x00,0x00,0x00,0x00,0x00,0x00,0x00,0x00,0x00] 
13: (3/12 9:07:20.571) - SMART Board (0x61) - on USB (1): Serial Number: T1210000000832-F
14: (3/12 9:07:20.571) - SMART Board (0x61) - on USB (1): Hardware Model: SB600 (SC12).
15: (3/12 9:07:20.593) - SMART Board (0x61) - on USB (1): Set MultiPointerMode: 0
16: (3/12 9:07:20.593) - SMART Board (0x61) - on USB (1):  STATUS CHANGE from BOARD_ANALYZING_DATA to BOARD_OPEN
17: (3/12 9:07:20.610) - SMART Board (0x61) - on USB (1): RAW DATA IN  < [0x02,0xc3,0x00,0x61,0x80,0x00,0x22,0x00,0x00,0x00,0x00,0x00,0x00,0x00,0x00,0x00,0x00,0x00] 
18: (3/12 9:07:20.611) - SMART Board (0x61) - on USB (1): RAW DATA OUT		> [0x02,0xe1,0x00,0x01,0xe0,0x00,0x00,0x00,0x00,0x00,0x00,0x00,0x00,0x00,0x00,0x00,0x00,0x00] 
19: (3/12 9:07:20.617) - SMART Board (0x61) - on USB (1): RAW DATA OUT		> [0x02,0xd2,0x02,0x01,0x00,0xd1,0x00,0x00,0x00,0x00,0x00,0x00,0x00,0x00,0x00,0x00,0x00,0x00] 
20: (3/12 9:07:20.625) - SMART Board (0x61) - on USB (1): RAW DATA OUT		> [0x02,0xd2,0x02,0x04,0x00,0xd4,0x00,0x00,0x00,0x00,0x00,0x00,0x00,0x00,0x00,0x00,0x00,0x00] 
21: (3/12 9:07:20.633) - SMART Board (0x61) - on USB (1): RAW DATA OUT		> [0x02,0xd2,0x02,0x10,0x10,0xd0,0x00,0x00,0x00,0x00,0x00,0x00,0x00,0x00,0x00,0x00,0x00,0x00] 
22: (3/12 9:07:20.641) - SMART Board (0x61) - on USB (1): RAW DATA OUT		> [0x02,0xd2,0x02,0x04,0x00,0xd4,0x00,0x00,0x00,0x00,0x00,0x00,0x00,0x00,0x00,0x00,0x00,0x00] 
23: (3/12 9:07:20.649) - SMART Board (0x61) - on USB (1): RAW DATA OUT		> [0x02,0xe1,0x00,0x01,0xe0,0x00,0x00,0x00,0x00,0x00,0x00,0x00,0x00,0x00,0x00,0x00,0x00,0x00] 
24: (3/12 9:07:20.658) - SMART Board (0x61) - on USB (1): RAW DATA OUT		> [0x02,0xc3,0x80,0x61,0x00,0x03,0x21,0x00,0x00,0x00,0x00,0x00,0x00,0x00,0x00,0x00,0x00,0x00] 
25: (3/12 9:07:20.668) - SMART Board (0x61) - on USB (1): RAW DATA IN  < [0x02,0xe1,0x14,0x00,0xf5,0x00,0x00,0x00,0x00,0x00,0x00,0x00,0x00,0x00,0x00,0x00,0x00,0x00] 
26: (3/12 9:07:20.671) - SMART Board (0x61) - on USB (1): RAW DATA IN  < [0x02,0xe1,0x02,0x10,0xf3,0x00,0x00,0x00,0x00,0x00,0x00,0x00,0x00,0x00,0x00,0x00,0x00,0x00] 
27: (3/12 9:07:20.671) - SMART Board (0x61) - on USB (1): RAW DATA OUT		> [0x02,0xf0,0x05,0xf5,0x00,0x00,0x00,0x00,0x00,0x00,0x00,0x00,0x00,0x00,0x00,0x00,0x00,0x00] 
28: (3/12 9:07:20.673) - SMART Board (0x61) - on USB (1): RAW DATA OUT		> [0x02,0xd2,0x02,0x80,0x80,0xd0,0x00,0x00,0x00,0x00,0x00,0x00,0x00,0x00,0x00,0x00,0x00,0x00] 
29: (3/12 9:07:20.681) - SMART Board (0x61) - on USB (1): RAW DATA OUT		> [0x02,0xf0,0x0e,0xfe,0x00,0x00,0x00,0x00,0x00,0x00,0x00,0x00,0x00,0x00,0x00,0x00,0x00,0x00] 
30: (3/12 9:07:20.691) - SMART Board (0x61) - on USB (1): RAW DATA IN  < [0x02,0xe1,0x02,0x10,0xf3,0x00,0x00,0x00,0x00,0x00,0x00,0x00,0x00,0x00,0x00,0x00,0x00,0x00] 
31: (3/12 9:07:20.695) - SMART Board (0x61) - on USB (1): RAW DATA IN  < [0x02,0xe1,0x02,0x10,0xf3,0x00,0x00,0x00,0x00,0x00,0x00,0x00,0x00,0x00,0x00,0x00,0x00,0x00] 
32: (3/12 9:07:20.695) - SMART Board (0x61) - on USB (1): RAW DATA OUT		> [0x02,0xf0,0x0e,0xfe,0x00,0x00,0x00,0x00,0x00,0x00,0x00,0x00,0x00,0x00,0x00,0x00,0x00,0x00] 
33: (3/12 9:07:20.698) - SMART Board (0x61) - on USB (1): RAW DATA OUT		> [0x02,0xf0,0x0e,0xfe,0x00,0x00,0x00,0x00,0x00,0x00,0x00,0x00,0x00,0x00,0x00,0x00,0x00,0x00] 
34: (3/12 9:07:20.708) - SMART Board (0x61) - on USB (1): RAW DATA IN  < [0x02,0xe1,0x02,0x10,0xf3,0x00,0x00,0x00,0x00,0x00,0x00,0x00,0x00,0x00,0x00,0x00,0x00,0x00] 
35: (3/12 9:07:20.711) - SMART Board (0x61) - on USB (1): RAW DATA IN  < [0x02,0x96,0x80,0x61,0x00,0x03,0x01,0x03,0x0a,0x7c,0x00,0x00,0x00,0x00,0x00,0x00,0x00,0x00] 
36: (3/12 9:07:20.711) - SMART Board (0x61) - on USB (1): RAW DATA OUT		> [0x02,0xf0,0x0e,0xfe,0x00,0x00,0x00,0x00,0x00,0x00,0x00,0x00,0x00,0x00,0x00,0x00,0x00,0x00] 
37: (3/12 9:07:20.711) - SMART Board (0x61) - on USB (1): Firmware application version 1.3.10.0
38: (3/12 9:07:20.714) - SMART Board (0x61) - on USB (1): RAW DATA IN  < [0x02,0xd2,0x05,0x00,0x00,0xd7,0x00,0x00,0x00,0x00,0x00,0x00,0x00,0x00,0x00,0x00,0x00,0x00] 
39: (3/12 9:07:20.714) - SMART Board (0x61) - on USB (1):  Tool change to: NO TOOL, tool source 0, mid stream 0, contact index 1, force send tool change 1.
40: (3/12 9:07:20.717) - SMART Board (0x61) - on USB (1): RAW DATA IN  < [0x02,0xe1,0x02,0x90,0x73,0x00,0x00,0x00,0x00,0x00,0x00,0x00,0x00,0x00,0x00,0x00,0x00,0x00] 
41: (3/12 9:07:20.719) - SMART Board (0x61) - on USB (1): RAW DATA IN  < [0x02,0xd2,0x0e,0x2f,0x00,0xf3,0x00,0x00,0x00,0x00,0x00,0x00,0x00,0x00,0x00,0x00,0x00,0x00] 
42: (3/12 9:07:20.721) - SMART Board (0x61) - on USB (1): RAW DATA IN  < [0x02,0xd2,0x0e,0x2f,0x00,0xf3,0x00,0x00,0x00,0x00,0x00,0x00,0x00,0x00,0x00,0x00,0x00,0x00] 
43: (3/12 9:07:20.723) - SMART Board (0x61) - on USB (1): RAW DATA IN  < [0x02,0xd2,0x0e,0x2f,0x00,0xf3,0x00,0x00,0x00,0x00,0x00,0x00,0x00,0x00,0x00,0x00,0x00,0x00] 
44: (3/12 9:07:20.724) - SMART Board (0x61) - on USB (1): RAW DATA IN  < [0x02,0xd2,0x0e,0x2f,0x00,0xf3,0x00,0x00,0x00,0x00,0x00,0x00,0x00,0x00,0x00,0x00,0x00,0x00] 
45: (3/12 9:07:20.772) - SMART Board (0x61) - on USB (1): RAW DATA OUT		> [0x02,0xd2,0x07,0xff,0x00,0x2a,0x00,0x00,0x00,0x00,0x00,0x00,0x00,0x00,0x00,0x00,0x00,0x00] 
46: (3/12 9:07:20.777) - SMART Board (0x61) - on USB (1): RAW DATA OUT		> [0x02,0xd2,0x07,0xff,0x20,0x0a,0x00,0x00,0x00,0x00,0x00,0x00,0x00,0x00,0x00,0x00,0x00,0x00] 
47: (3/12 9:07:20.785) - SMART Board (0x61) - on USB (1): RAW DATA OUT		> [0x02,0xf0,0x0e,0xfe,0x00,0x00,0x00,0x00,0x00,0x00,0x00,0x00,0x00,0x00,0x00,0x00,0x00,0x00] 
48: (3/12 9:07:20.797) - SMART Board (0x61) - on USB (1): RAW DATA IN  < [0x02,0xd2,0x07,0x00,0x00,0xd5,0x00,0x00,0x00,0x00,0x00,0x00,0x00,0x00,0x00,0x00,0x00,0x00] 
49: (3/12 9:07:20.801) - SMART Board (0x61) - on USB (1): RAW DATA IN  < [0x02,0xd2,0x0e,0x2f,0x00,0xf3,0x00,0x00,0x00,0x00,0x00,0x00,0x00,0x00,0x00,0x00,0x00,0x00] 
50: (3/12 9:07:20.803) - SMART Board (0x61) - on USB (1): RAW DATA IN  < [0x02,0xd2,0x07,0x20,0x00,0xf5,0x00,0x00,0x00,0x00,0x00,0x00,0x00,0x00,0x00,0x00,0x00,0x00] 
51: (3/12 9:07:21.111) - SMART Board (0x61) - on USB (1): RAW DATA IN  < [0x02,0xc3,0x00,0x61,0x80,0x00,0x22,0x00,0x00,0x00,0x00,0x00,0x00,0x00,0x00,0x00,0x00,0x00] 
52: (3/12 9:07:21.160) - SMART Board (0x61) - on USB (1): RAW DATA OUT		> [0x02,0xe1,0x00,0x01,0xe0,0x00,0x00,0x00,0x00,0x00,0x00,0x00,0x00,0x00,0x00,0x00,0x00,0x00] 
53: (3/12 9:07:21.169) - SMART Board (0x61) - on USB (1): RAW DATA OUT		> [0x02,0xc3,0x80,0x61,0x00,0x04,0x26,0x00,0x00,0x00,0x00,0x00,0x00,0x00,0x00,0x00,0x00,0x00] 
54: (3/12 9:07:21.181) - SMART Board (0x61) - on USB (1): RAW DATA IN  < [0x02,0xa5,0x80,0x61,0x00,0x04,0x16,0x2b,0x7d,0x00,0x00,0x00,0x00,0x00,0x00,0x00,0x00,0x00] 
55: (3/12 9:07:21.181) - SMART Board (0x61) - on USB (1): Firmware application checksum 0x162b
56: (3/12 9:07:21.612) - SMART Board (0x61) - on USB (1): RAW DATA IN  < [0x02,0xc3,0x00,0x61,0x80,0x00,0x22,0x00,0x00,0x00,0x00,0x00,0x00,0x00,0x00,0x00,0x00,0x00] 
57: (3/12 9:07:21.660) - SMART Board (0x61) - on USB (1): RAW DATA OUT		> [0x02,0xe1,0x00,0x01,0xe0,0x00,0x00,0x00,0x00,0x00,0x00,0x00,0x00,0x00,0x00,0x00,0x00,0x00] 
58: (3/12 9:07:21.665) - SMART Board (0x61) - on USB (1): RAW DATA OUT		> [0x02,0xc3,0x80,0x61,0x00,0x05,0x27,0x00,0x00,0x00,0x00,0x00,0x00,0x00,0x00,0x00,0x00,0x00] 
59: (3/12 9:07:21.677) - SMART Board (0x61) - on USB (1): RAW DATA IN  < [0x02,0x96,0x80,0x61,0x00,0x05,0x01,0x01,0x03,0x71,0x00,0x00,0x00,0x00,0x00,0x00,0x00,0x00] 
60: (3/12 9:07:21.677) - SMART Board (0x61) - on USB (1):  Firmware boot version 1.1.3.0
61: (3/12 9:07:22.113) - SMART Board (0x61) - on USB (1): RAW DATA IN  < [0x02,0xc3,0x00,0x61,0x80,0x00,0x22,0x00,0x00,0x00,0x00,0x00,0x00,0x00,0x00,0x00,0x00,0x00] 
62: (3/12 9:07:22.162) - SMART Board (0x61) - on USB (1): RAW DATA OUT		> [0x02,0xe1,0x00,0x01,0xe0,0x00,0x00,0x00,0x00,0x00,0x00,0x00,0x00,0x00,0x00,0x00,0x00,0x00] 
63: (3/12 9:07:22.169) - SMART Board (0x61) - on USB (1): RAW DATA OUT		> [0x02,0xc3,0x80,0x61,0x00,0x06,0x24,0x00,0x00,0x00,0x00,0x00,0x00,0x00,0x00,0x00,0x00,0x00] 
64: (3/12 9:07:22.180) - SMART Board (0x61) - on USB (1): RAW DATA IN  < [0x02,0xa5,0x80,0x61,0x00,0x06,0x70,0x47,0x75,0x00,0x00,0x00,0x00,0x00,0x00,0x00,0x00,0x00] 
65: (3/12 9:07:22.181) - SMART Board (0x61) - on USB (1):  Firmware boot checksum 0x7047
66: (3/12 9:07:22.614) - SMART Board (0x61) - on USB (1): RAW DATA IN  < [0x02,0xc3,0x00,0x61,0x80,0x00,0x22,0x00,0x00,0x00,0x00,0x00,0x00,0x00,0x00,0x00,0x00,0x00] 
67: (3/12 9:07:22.662) - SMART Board (0x61) - on USB (1): RAW DATA OUT		> [0x02,0xe1,0x00,0x01,0xe0,0x00,0x00,0x00,0x00,0x00,0x00,0x00,0x00,0x00,0x00,0x00,0x00,0x00] 
68: (3/12 9:07:22.665) - SMART Board (0x61) - on USB (1): RAW DATA OUT		> [0x02,0xf0,0x01,0xf1,0x00,0x00,0x00,0x00,0x00,0x00,0x00,0x00,0x00,0x00,0x00,0x00,0x00,0x00] 
69: (3/12 9:07:22.677) - SMART Board (0x61) - on USB (1): RAW DATA IN  < [0x02,0xb4,0x01,0x61,0x01,0x10,0x01,0xc4,0x00,0x00,0x00,0x00,0x00,0x00,0x00,0x00,0x00,0x00] 
70: (3/12 9:07:22.677) - SMART Board (0x61) - on USB (1):  Pentray Found.
71: (3/12 9:07:23.115) - SMART Board (0x61) - on USB (1): RAW DATA IN  < [0x02,0xc3,0x00,0x61,0x80,0x00,0x22,0x00,0x00,0x00,0x00,0x00,0x00,0x00,0x00,0x00,0x00,0x00] 
72: (3/12 9:07:23.163) - SMART Board (0x61) - on USB (1): RAW DATA OUT		> [0x02,0xe1,0x00,0x01,0xe0,0x00,0x00,0x00,0x00,0x00,0x00,0x00,0x00,0x00,0x00,0x00,0x00,0x00] 
73: (3/12 9:07:23.169) - SMART Board (0x61) - on USB (1): RAW DATA OUT		> [0x02,0xf0,0x05,0xf5,0x00,0x00,0x00,0x00,0x00,0x00,0x00,0x00,0x00,0x00,0x00,0x00,0x00,0x00] 
74: (3/12 9:07:23.180) - SMART Board (0x61) - on USB (1): RAW DATA IN  < [0x02,0xd2,0x05,0x00,0x00,0xd7,0x00,0x00,0x00,0x00,0x00,0x00,0x00,0x00,0x00,0x00,0x00,0x00] 
75: (3/12 9:07:23.181) - SMART Board (0x61) - on USB (1):  Tool change to: NO TOOL, tool source 0, mid stream 0, contact index 1, force send tool change 1.
76: (3/12 9:07:23.228) - SMART Board (0x61) - on USB (1): RAW DATA OUT		> [0x02,0xd2,0x07,0xff,0x00,0x2a,0x00,0x00,0x00,0x00,0x00,0x00,0x00,0x00,0x00,0x00,0x00,0x00] 
77: (3/12 9:07:23.233) - SMART Board (0x61) - on USB (1): RAW DATA OUT		> [0x02,0xd2,0x07,0xff,0x20,0x0a,0x00,0x00,0x00,0x00,0x00,0x00,0x00,0x00,0x00,0x00,0x00,0x00] 
78: (3/12 9:07:23.245) - SMART Board (0x61) - on USB (1): RAW DATA IN  < [0x02,0xd2,0x07,0x00,0x00,0xd5,0x00,0x00,0x00,0x00,0x00,0x00,0x00,0x00,0x00,0x00,0x00,0x00] 
79: (3/12 9:07:23.259) - SMART Board (0x61) - on USB (1): RAW DATA IN  < [0x02,0xd2,0x07,0x20,0x00,0xf5,0x00,0x00,0x00,0x00,0x00,0x00,0x00,0x00,0x00,0x00,0x00,0x00] 
80: (3/12 9:07:23.616) - SMART Board (0x61) - on USB (1): RAW DATA IN  < [0x02,0xc3,0x00,0x61,0x80,0x00,0x22,0x00,0x00,0x00,0x00,0x00,0x00,0x00,0x00,0x00,0x00,0x00] 
81: (3/12 9:07:23.664) - SMART Board (0x61) - on USB (1): RAW DATA OUT		> [0x02,0xe1,0x00,0x01,0xe0,0x00,0x00,0x00,0x00,0x00,0x00,0x00,0x00,0x00,0x00,0x00,0x00,0x00] 
82: (3/12 9:07:23.673) - SMART Board (0x61) - on USB (1): RAW DATA OUT		> [0x02,0xf0,0x0d,0xfd,0x00,0x00,0x00,0x00,0x00,0x00,0x00,0x00,0x00,0x00,0x00,0x00,0x00,0x00] 
83: (3/12 9:07:23.685) - SMART Board (0x61) - on USB (1): RAW DATA IN  < [0x02,0xd2,0x0d,0x00,0x02,0xdd,0x00,0x00,0x00,0x00,0x00,0x00,0x00,0x00,0x00,0x00,0x00,0x00] 
84: (3/12 9:07:24.117) - SMART Board (0x61) - on USB (1): RAW DATA IN  < [0x02,0xc3,0x00,0x61,0x80,0x00,0x22,0x00,0x00,0x00,0x00,0x00,0x00,0x00,0x00,0x00,0x00,0x00] 
85: (3/12 9:07:24.166) - SMART Board (0x61) - on USB (1): RAW DATA OUT		> [0x02,0xe1,0x00,0x01,0xe0,0x00,0x00,0x00,0x00,0x00,0x00,0x00,0x00,0x00,0x00,0x00,0x00,0x00] 
86: (3/12 9:07:24.169) - SMART Board (0x61) - on USB (1): RAW DATA OUT		> [0x02,0xc3,0x80,0x61,0x00,0x07,0x25,0x00,0x00,0x00,0x00,0x00,0x00,0x00,0x00,0x00,0x00,0x00] 
87: (3/12 9:07:24.181) - SMART Board (0x61) - on USB (1): RAW DATA IN  < [0x02,0x96,0x80,0x61,0x00,0x07,0x01,0x00,0x04,0x75,0x00,0x00,0x00,0x00,0x00,0x00,0x00,0x00] 
88: (3/12 9:07:24.181) - SMART Board (0x61) - on USB (1):  Firmware manufacturing version 1.0.4.0
89: (3/12 9:07:24.618) - SMART Board (0x61) - on USB (1): RAW DATA IN  < [0x02,0xc3,0x00,0x61,0x80,0x00,0x22,0x00,0x00,0x00,0x00,0x00,0x00,0x00,0x00,0x00,0x00,0x00] 
90: (3/12 9:07:24.666) - SMART Board (0x61) - on USB (1): RAW DATA OUT		> [0x02,0xe1,0x00,0x01,0xe0,0x00,0x00,0x00,0x00,0x00,0x00,0x00,0x00,0x00,0x00,0x00,0x00,0x00] 
91: (3/12 9:07:24.673) - SMART Board (0x61) - on USB (1): RAW DATA OUT		> [0x02,0xc3,0x80,0x61,0x00,0x08,0x2a,0x00,0x00,0x00,0x00,0x00,0x00,0x00,0x00,0x00,0x00,0x00] 
92: (3/12 9:07:24.684) - SMART Board (0x61) - on USB (1): RAW DATA IN  < [0x02,0xa5,0x80,0x61,0x00,0x08,0x72,0x1e,0x20,0x00,0x00,0x00,0x00,0x00,0x00,0x00,0x00,0x00] 
93: (3/12 9:07:24.684) - SMART Board (0x61) - on USB (1):  Firmware manufacturing checksum 0x721e
94: (3/12 9:07:25.119) - SMART Board (0x61) - on USB (1): RAW DATA IN  < [0x02,0xc3,0x00,0x61,0x80,0x00,0x22,0x00,0x00,0x00,0x00,0x00,0x00,0x00,0x00,0x00,0x00,0x00] 
95: (3/12 9:07:25.167) - SMART Board (0x61) - on USB (1): RAW DATA OUT		> [0x02,0xe1,0x00,0x01,0xe0,0x00,0x00,0x00,0x00,0x00,0x00,0x00,0x00,0x00,0x00,0x00,0x00,0x00] 
96: (3/12 9:07:25.169) - SMART Board (0x61) - on USB (1): RAW DATA OUT		> [0x02,0xc3,0x80,0x61,0x00,0x09,0x2b,0x00,0x00,0x00,0x00,0x00,0x00,0x00,0x00,0x00,0x00,0x00] 
97: (3/12 9:07:25.180) - SMART Board (0x61) - on USB (1): RAW DATA IN  < [0x02,0xa5,0x80,0x61,0x00,0x09,0x11,0xac,0xf0,0x00,0x00,0x00,0x00,0x00,0x00,0x00,0x00,0x00] 
98: (3/12 9:07:25.180) - SMART Board (0x61) - on USB (1):  Entire hex image checksum 0x11ac
99: (3/12 9:07:25.620) - SMART Board (0x61) - on USB (1): RAW DATA IN  < [0x02,0xc3,0x00,0x61,0x80,0x00,0x22,0x00,0x00,0x00,0x00,0x00,0x00,0x00,0x00,0x00,0x00,0x00] 
100: (3/12 9:07:25.668) - SMART Board (0x61) - on USB (1): RAW DATA OUT		> [0x02,0xe1,0x00,0x01,0xe0,0x00,0x00,0x00,0x00,0x00,0x00,0x00,0x00,0x00,0x00,0x00,0x00,0x00] 
101: (3/12 9:07:25.673) - SMART Board (0x61) - on USB (1): RAW DATA OUT		> [0x02,0xc3,0x80,0x10,0x00,0x03,0x50,0x00,0x00,0x00,0x00,0x00,0x00,0x00,0x00,0x00,0x00,0x00] 
102: (3/12 9:07:25.696) - SMART Board (0x61) - on USB (1): RAW DATA IN  < [0x02,0x96,0x80,0x10,0x00,0x03,0x01,0x00,0x0a,0x0e,0x00,0x00,0x00,0x00,0x00,0x00,0x00,0x00] 
103: (3/12 9:07:25.697) - SMART Board (0x61) - on USB (1):  Device Type 0x10 - Firmware App Version 1.0.10.0
104: (3/12 9:07:26.121) - SMART Board (0x61) - on USB (1): RAW DATA IN  < [0x02,0xc3,0x00,0x61,0x80,0x00,0x22,0x00,0x00,0x00,0x00,0x00,0x00,0x00,0x00,0x00,0x00,0x00] 
105: (3/12 9:07:26.171) - SMART Board (0x61) - on USB (1): RAW DATA OUT		> [0x02,0xe1,0x00,0x01,0xe0,0x00,0x00,0x00,0x00,0x00,0x00,0x00,0x00,0x00,0x00,0x00,0x00,0x00] 
106: (3/12 9:07:26.177) - SMART Board (0x61) - on USB (1): RAW DATA OUT		> [0x02,0xc3,0x80,0x10,0x00,0x04,0x57,0x00,0x00,0x00,0x00,0x00,0x00,0x00,0x00,0x00,0x00,0x00] 
107: (3/12 9:07:26.193) - SMART Board (0x61) - on USB (1): RAW DATA IN  < [0x02,0xa5,0x80,0x10,0x00,0x04,0xb8,0x6b,0xe2,0x00,0x00,0x00,0x00,0x00,0x00,0x00,0x00,0x00] 
108: (3/12 9:07:26.193) - SMART Board (0x61) - on USB (1):  Device Type 0x10 - Firmware App Checksum 0xb86b
109: (3/12 9:07:26.622) - SMART Board (0x61) - on USB (1): RAW DATA IN  < [0x02,0xc3,0x00,0x61,0x80,0x00,0x22,0x00,0x00,0x00,0x00,0x00,0x00,0x00,0x00,0x00,0x00,0x00] 
110: (3/12 9:07:26.671) - SMART Board (0x61) - on USB (1): RAW DATA OUT		> [0x02,0xe1,0x00,0x01,0xe0,0x00,0x00,0x00,0x00,0x00,0x00,0x00,0x00,0x00,0x00,0x00,0x00,0x00] 
111: (3/12 9:07:26.673) - SMART Board (0x61) - on USB (1): RAW DATA OUT		> [0x02,0xd2,0x02,0x80,0x80,0xd0,0x00,0x00,0x00,0x00,0x00,0x00,0x00,0x00,0x00,0x00,0x00,0x00] 
112: (3/12 9:07:26.685) - SMART Board (0x61) - on USB (1): RAW DATA IN  < [0x02,0xe1,0x02,0x90,0x73,0x00,0x00,0x00,0x00,0x00,0x00,0x00,0x00,0x00,0x00,0x00,0x00,0x00] 
113: (3/12 9:07:26.733) - SMART Board (0x61) - on USB (1): RAW DATA OUT		> [0x02,0xf0,0x0e,0xfe,0x00,0x00,0x00,0x00,0x00,0x00,0x00,0x00,0x00,0x00,0x00,0x00,0x00,0x00] 
114: (3/12 9:07:26.741) - SMART Board (0x61) - on USB (1): RAW DATA IN  < [0x02,0xd2,0x0e,0x2f,0x00,0xf3,0x00,0x00,0x00,0x00,0x00,0x00,0x00,0x00,0x00,0x00,0x00,0x00] 
115: (3/12 9:07:27.123) - SMART Board (0x61) - on USB (1): RAW DATA IN  < [0x02,0xc3,0x00,0x61,0x80,0x00,0x22,0x00,0x00,0x00,0x00,0x00,0x00,0x00,0x00,0x00,0x00,0x00] 
116: (3/12 9:07:27.171) - SMART Board (0x61) - on USB (1): RAW DATA OUT		> [0x02,0xe1,0x00,0x01,0xe0,0x00,0x00,0x00,0x00,0x00,0x00,0x00,0x00,0x00,0x00,0x00,0x00,0x00] 
117: (3/12 9:07:27.624) - SMART Board (0x61) - on USB (1): RAW DATA IN  < [0x02,0xc3,0x00,0x61,0x80,0x00,0x22,0x00,0x00,0x00,0x00,0x00,0x00,0x00,0x00,0x00,0x00,0x00] 
118: (3/12 9:07:27.672) - SMART Board (0x61) - on USB (1): RAW DATA OUT		> [0x02,0xe1,0x00,0x01,0xe0,0x00,0x00,0x00,0x00,0x00,0x00,0x00,0x00,0x00,0x00,0x00,0x00,0x00] 
119: (3/12 9:07:28.125) - SMART Board (0x61) - on USB (1): RAW DATA IN  < [0x02,0xc3,0x00,0x61,0x80,0x00,0x22,0x00,0x00,0x00,0x00,0x00,0x00,0x00,0x00,0x00,0x00,0x00] 
120: (3/12 9:07:28.125) - SMART Board (0x61) - on USB (1): RAW DATA OUT		> [0x02,0xe1,0x00,0x01,0xe0,0x00,0x00,0x00,0x00,0x00,0x00,0x00,0x00,0x00,0x00,0x00,0x00,0x00] 
121: (3/12 9:07:28.626) - SMART Board (0x61) - on USB (1): RAW DATA IN  < [0x02,0xc3,0x00,0x61,0x80,0x00,0x22,0x00,0x00,0x00,0x00,0x00,0x00,0x00,0x00,0x00,0x00,0x00] 
122: (3/12 9:07:28.674) - SMART Board (0x61) - on USB (1): RAW DATA OUT		> [0x02,0xe1,0x00,0x01,0xe0,0x00,0x00,0x00,0x00,0x00,0x00,0x00,0x00,0x00,0x00,0x00,0x00,0x00] 
123: (3/12 9:07:29.127) - SMART Board (0x61) - on USB (1): RAW DATA IN  < [0x02,0xc3,0x00,0x61,0x80,0x00,0x22,0x00,0x00,0x00,0x00,0x00,0x00,0x00,0x00,0x00,0x00,0x00] 
124: (3/12 9:07:29.175) - SMART Board (0x61) - on USB (1): RAW DATA OUT		> [0x02,0xe1,0x00,0x01,0xe0,0x00,0x00,0x00,0x00,0x00,0x00,0x00,0x00,0x00,0x00,0x00,0x00,0x00] 
125: (3/12 9:07:29.629) - SMART Board (0x61) - on USB (1): RAW DATA IN  < [0x02,0xc3,0x00,0x61,0x80,0x00,0x22,0x00,0x00,0x00,0x00,0x00,0x00,0x00,0x00,0x00,0x00,0x00] 
126: (3/12 9:07:29.677) - SMART Board (0x61) - on USB (1): RAW DATA OUT		> [0x02,0xe1,0x00,0x01,0xe0,0x00,0x00,0x00,0x00,0x00,0x00,0x00,0x00,0x00,0x00,0x00,0x00,0x00] 
127: (3/12 9:07:29.680) - SMART Board (0x61) - on USB (1): RAW DATA OUT		> [0x02,0xf0,0x01,0xf1,0x00,0x00,0x00,0x00,0x00,0x00,0x00,0x00,0x00,0x00,0x00,0x00,0x00,0x00] 
128: (3/12 9:07:29.690) - SMART Board (0x61) - on USB (1): RAW DATA IN  < [0x02,0xb4,0x01,0x61,0x01,0x10,0x01,0xc4,0x00,0x00,0x00,0x00,0x00,0x00,0x00,0x00,0x00,0x00] 
129: (3/12 9:07:29.691) - SMART Board (0x61) - on USB (1):  Pentray Found.
130: (3/12 9:07:30.129) - SMART Board (0x61) - on USB (1): RAW DATA IN  < [0x02,0xc3,0x00,0x61,0x80,0x00,0x22,0x00,0x00,0x00,0x00,0x00,0x00,0x00,0x00,0x00,0x00,0x00] 
131: (3/12 9:07:30.178) - SMART Board (0x61) - on USB (1): RAW DATA OUT		> [0x02,0xe1,0x00,0x01,0xe0,0x00,0x00,0x00,0x00,0x00,0x00,0x00,0x00,0x00,0x00,0x00,0x00,0x00] 
132: (3/12 9:07:30.185) - SMART Board (0x61) - on USB (1): RAW DATA OUT		> [0x02,0xc3,0x80,0x05,0x00,0x03,0x45,0x00,0x00,0x00,0x00,0x00,0x00,0x00,0x00,0x00,0x00,0x00] 
133: (3/12 9:07:30.197) - SMART Board (0x61) - on USB (1): RAW DATA IN  < [0x02,0xe1,0xff,0x80,0x9e,0x00,0x00,0x00,0x00,0x00,0x00,0x00,0x00,0x00,0x00,0x00,0x00,0x00] 
134: (3/12 9:07:30.630) - SMART Board (0x61) - on USB (1): RAW DATA IN  < [0x02,0xc3,0x00,0x61,0x80,0x00,0x22,0x00,0x00,0x00,0x00,0x00,0x00,0x00,0x00,0x00,0x00,0x00] 
135: (3/12 9:07:30.679) - SMART Board (0x61) - on USB (1): RAW DATA OUT		> [0x02,0xe1,0x00,0x01,0xe0,0x00,0x00,0x00,0x00,0x00,0x00,0x00,0x00,0x00,0x00,0x00,0x00,0x00] 
136: (3/12 9:07:31.136) - SMART Board (0x61) - on USB (1): RAW DATA IN  < [0x02,0xc3,0x00,0x61,0x80,0x00,0x22,0x00,0x00,0x00,0x00,0x00,0x00,0x00,0x00,0x00,0x00,0x00] 
137: (3/12 9:07:31.186) - SMART Board (0x61) - on USB (1): RAW DATA OUT		> [0x02,0xe1,0x00,0x01,0xe0,0x00,0x00,0x00,0x00,0x00,0x00,0x00,0x00,0x00,0x00,0x00,0x00,0x00] 
138: (3/12 9:07:31.632) - SMART Board (0x61) - on USB (1): RAW DATA IN  < [0x02,0xc3,0x00,0x61,0x80,0x00,0x22,0x00,0x00,0x00,0x00,0x00,0x00,0x00,0x00,0x00,0x00,0x00] 
139: (3/12 9:07:31.681) - SMART Board (0x61) - on USB (1): RAW DATA OUT		> [0x02,0xe1,0x00,0x01,0xe0,0x00,0x00,0x00,0x00,0x00,0x00,0x00,0x00,0x00,0x00,0x00,0x00,0x00] 
140: (3/12 9:07:31.689) - SMART Board (0x61) - on USB (1): RAW DATA OUT		> [0x02,0xc3,0x88,0x61,0x00,0x01,0x2b,0x00,0x00,0x00,0x00,0x00,0x00,0x00,0x00,0x00,0x00,0x00] 
141: (3/12 9:07:31.699) - SMART Board (0x61) - on USB (1): RAW DATA IN  < [0x02,0xb4,0x88,0x61,0x00,0x01,0x01,0x5d,0x00,0x00,0x00,0x00,0x00,0x00,0x00,0x00,0x00,0x00] 
142: (3/12 9:07:31.700) - SMART Board (0x61) - on USB (1):  Device capabilities - dual touch 0, frodo 1, non-proj 0, DViT Multi-Touch 0, Passive Retro Pen 0, dual sheet calibraton 0, 25 pt calibration 0, Mercury ASIC camera implementation 0
143: (3/12 9:07:32.134) - SMART Board (0x61) - on USB (1): RAW DATA IN  < [0x02,0xc3,0x00,0x61,0x80,0x00,0x22,0x00,0x00,0x00,0x00,0x00,0x00,0x00,0x00,0x00,0x00,0x00] 
144: (3/12 9:07:32.183) - SMART Board (0x61) - on USB (1): RAW DATA OUT		> [0x02,0xe1,0x00,0x01,0xe0,0x00,0x00,0x00,0x00,0x00,0x00,0x00,0x00,0x00,0x00,0x00,0x00,0x00] 
145: (3/12 9:07:32.636) - SMART Board (0x61) - on USB (1): RAW DATA IN  < [0x02,0xc3,0x00,0x61,0x80,0x00,0x22,0x00,0x00,0x00,0x00,0x00,0x00,0x00,0x00,0x00,0x00,0x00] 
146: (3/12 9:07:32.685) - SMART Board (0x61) - on USB (1): RAW DATA OUT		> [0x02,0xe1,0x00,0x01,0xe0,0x00,0x00,0x00,0x00,0x00,0x00,0x00,0x00,0x00,0x00,0x00,0x00,0x00] 
147: (3/12 9:07:32.689) - SMART Board (0x61) - on USB (1): RAW DATA OUT		> [0x02,0xc3,0xa0,0x61,0x00,0x00,0x02,0x00,0x00,0x00,0x00,0x00,0x00,0x00,0x00,0x00,0x00,0x00] 
148: (3/12 9:07:32.697) - SMART Board (0x61) - on USB (1): RAW DATA OUT		> [0x02,0xc3,0xa0,0x61,0x00,0x02,0x00,0x00,0x00,0x00,0x00,0x00,0x00,0x00,0x00,0x00,0x00,0x00] 
149: (3/12 9:07:32.708) - SMART Board (0x61) - on USB (1): RAW DATA IN  < [0x02,0x3c,0xa0,0x61,0x00,0x00,0x08,0x00,0x00,0x00,0x00,0x0f,0xff,0x0f,0xff,0xf5,0x00,0x00] 
150: (3/12 9:07:32.709) - SMART Board (0x61) - on USB (1): Voltage X- is good at 0.00 V  (Range 0.00 - 3.66).
151: (3/12 9:07:32.709) - SMART Board (0x61) - on USB (1): Voltage Y- is good at 0.00 V  (Range 0.00 - 3.66).
152: (3/12 9:07:32.710) - SMART Board (0x61) - on USB (1): RAW DATA IN  < [0x02,0xe1,0xff,0xa0,0xbe,0x00,0x00,0x00,0x00,0x00,0x00,0x00,0x00,0x00,0x00,0x00,0x00,0x00] 
153: (3/12 9:07:32.710) - SMART Board (0x61) - on USB (1): Voltage Y+ is good at 3.30 V  (Range 0.00 - 3.66).
154: (3/12 9:07:32.711) - SMART Board (0x61) - on USB (1): Voltage X+ is good at 3.30 V  (Range 0.00 - 3.66).
155: (3/12 9:07:32.759) - SMART Board (0x61) - on USB (1): RAW DATA OUT		> [0x02,0xf0,0x0d,0xfd,0x00,0x00,0x00,0x00,0x00,0x00,0x00,0x00,0x00,0x00,0x00,0x00,0x00,0x00] 
156: (3/12 9:07:32.761) - SMART Board (0x61) - on USB (1): RAW DATA OUT		> [0x02,0xf0,0x0c,0xfc,0x00,0x00,0x00,0x00,0x00,0x00,0x00,0x00,0x00,0x00,0x00,0x00,0x00,0x00] 
157: (3/12 9:07:32.773) - SMART Board (0x61) - on USB (1): RAW DATA IN  < [0x02,0xd2,0x0d,0x00,0x02,0xdd,0x00,0x00,0x00,0x00,0x00,0x00,0x00,0x00,0x00,0x00,0x00,0x00] 
158: (3/12 9:07:32.775) - SMART Board (0x61) - on USB (1): RAW DATA IN  < [0x02,0xe1,0x0c,0x57,0xba,0x00,0x00,0x00,0x00,0x00,0x00,0x00,0x00,0x00,0x00,0x00,0x00,0x00] 
159: (3/12 9:07:32.775) - SMART Board (0x61) - on USB (1): Board size is 87 inches
160: (3/12 9:07:32.775) - SMART Board (0x61) - on USB (1): Board test message 11,87
161: (3/12 9:07:33.135) - SMART Board (0x61) - on USB (1): RAW DATA IN  < [0x02,0xc3,0x00,0x61,0x80,0x00,0x22,0x00,0x00,0x00,0x00,0x00,0x00,0x00,0x00,0x00,0x00,0x00] 
162: (3/12 9:07:33.184) - SMART Board (0x61) - on USB (1): RAW DATA OUT		> [0x02,0xe1,0x00,0x01,0xe0,0x00,0x00,0x00,0x00,0x00,0x00,0x00,0x00,0x00,0x00,0x00,0x00,0x00] 
163: (3/12 9:07:33.636) - SMART Board (0x61) - on USB (1): RAW DATA IN  < [0x02,0xc3,0x00,0x61,0x80,0x00,0x22,0x00,0x00,0x00,0x00,0x00,0x00,0x00,0x00,0x00,0x00,0x00] 
164: (3/12 9:07:33.684) - SMART Board (0x61) - on USB (1): RAW DATA OUT		> [0x02,0xe1,0x00,0x01,0xe0,0x00,0x00,0x00,0x00,0x00,0x00,0x00,0x00,0x00,0x00,0x00,0x00,0x00] 
165: (3/12 9:07:34.138) - SMART Board (0x61) - on USB (1): RAW DATA IN  < [0x02,0xc3,0x00,0x61,0x80,0x00,0x22,0x00,0x00,0x00,0x00,0x00,0x00,0x00,0x00,0x00,0x00,0x00] 
166: (3/12 9:07:34.186) - SMART Board (0x61) - on USB (1): RAW DATA OUT		> [0x02,0xe1,0x00,0x01,0xe0,0x00,0x00,0x00,0x00,0x00,0x00,0x00,0x00,0x00,0x00,0x00,0x00,0x00] 
167: (3/12 9:07:34.640) - SMART Board (0x61) - on USB (1): RAW DATA IN  < [0x02,0xc3,0x00,0x61,0x80,0x00,0x22,0x00,0x00,0x00,0x00,0x00,0x00,0x00,0x00,0x00,0x00,0x00] 
168: (3/12 9:07:34.688) - SMART Board (0x61) - on USB (1): RAW DATA OUT		> [0x02,0xe1,0x00,0x01,0xe0,0x00,0x00,0x00,0x00,0x00,0x00,0x00,0x00,0x00,0x00,0x00,0x00,0x00] 
169: (3/12 9:07:35.139) - SMART Board (0x61) - on USB (1): RAW DATA IN  < [0x02,0xc3,0x00,0x61,0x80,0x00,0x22,0x00,0x00,0x00,0x00,0x00,0x00,0x00,0x00,0x00,0x00,0x00] 
170: (3/12 9:07:35.187) - SMART Board (0x61) - on USB (1): RAW DATA OUT		> [0x02,0xe1,0x00,0x01,0xe0,0x00,0x00,0x00,0x00,0x00,0x00,0x00,0x00,0x00,0x00,0x00,0x00,0x00] 
171: (3/12 9:07:35.640) - SMART Board (0x61) - on USB (1): RAW DATA IN  < [0x02,0xc3,0x00,0x61,0x80,0x00,0x22,0x00,0x00,0x00,0x00,0x00,0x00,0x00,0x00,0x00,0x00,0x00] 
172: (3/12 9:07:35.689) - SMART Board (0x61) - on USB (1): RAW DATA OUT		> [0x02,0xe1,0x00,0x01,0xe0,0x00,0x00,0x00,0x00,0x00,0x00,0x00,0x00,0x00,0x00,0x00,0x00,0x00] 
173: (3/12 9:07:35.747) - SMART Board (0x61) - on USB (1): RAW DATA OUT		> [0x02,0xc3,0xa0,0x61,0x00,0x01,0x03,0x00,0x00,0x00,0x00,0x00,0x00,0x00,0x00,0x00,0x00,0x00] 
174: (3/12 9:07:35.756) - SMART Board (0x61) - on USB (1): RAW DATA IN  < [0x02,0x78,0xa0,0x61,0x00,0x01,0x04,0x01,0xf9,0x00,0xda,0x9e,0x00,0x00,0x00,0x00,0x00,0x00] 
175: (3/12 9:07:35.757) - SMART Board (0x61) - on USB (1): Board test message 12,33095898
176: (3/12 9:07:35.757) - SMART Board (0x61) - on USB (1): X Sheet resistance  is good at 505 ohms  (Range 240 - 533).
177: (3/12 9:07:35.757) - SMART Board (0x61) - on USB (1): Y Sheet resistance  is good at 218 ohms  (Range 135 - 263).
178: (3/12 9:07:36.141) - SMART Board (0x61) - on USB (1): RAW DATA IN  < [0x02,0xc3,0x00,0x61,0x80,0x00,0x22,0x00,0x00,0x00,0x00,0x00,0x00,0x00,0x00,0x00,0x00,0x00] 
179: (3/12 9:07:36.189) - SMART Board (0x61) - on USB (1): RAW DATA OUT		> [0x02,0xe1,0x00,0x01,0xe0,0x00,0x00,0x00,0x00,0x00,0x00,0x00,0x00,0x00,0x00,0x00,0x00,0x00] 
180: (3/12 9:07:36.644) - SMART Board (0x61) - on USB (1): RAW DATA IN  < [0x02,0xc3,0x00,0x61,0x80,0x00,0x22,0x00,0x00,0x00,0x00,0x00,0x00,0x00,0x00,0x00,0x00,0x00] 
181: (3/12 9:07:36.692) - SMART Board (0x61) - on USB (1): RAW DATA OUT		> [0x02,0xe1,0x00,0x01,0xe0,0x00,0x00,0x00,0x00,0x00,0x00,0x00,0x00,0x00,0x00,0x00,0x00,0x00] 
182: (3/12 9:07:37.142) - SMART Board (0x61) - on USB (1): RAW DATA IN  < [0x02,0xc3,0x00,0x61,0x80,0x00,0x22,0x00,0x00,0x00,0x00,0x00,0x00,0x00,0x00,0x00,0x00,0x00] 
183: (3/12 9:07:37.191) - SMART Board (0x61) - on USB (1): RAW DATA OUT		> [0x02,0xe1,0x00,0x01,0xe0,0x00,0x00,0x00,0x00,0x00,0x00,0x00,0x00,0x00,0x00,0x00,0x00,0x00] 
184: (3/12 9:07:37.648) - SMART Board (0x61) - on USB (1): RAW DATA IN  < [0x02,0xc3,0x00,0x61,0x80,0x00,0x22,0x00,0x00,0x00,0x00,0x00,0x00,0x00,0x00,0x00,0x00,0x00] 
185: (3/12 9:07:37.649) - SMART Board (0x61) - on USB (1): RAW DATA OUT		> [0x02,0xe1,0x00,0x01,0xe0,0x00,0x00,0x00,0x00,0x00,0x00,0x00,0x00,0x00,0x00,0x00,0x00,0x00] 
186: (3/12 9:07:38.145) - SMART Board (0x61) - on USB (1): RAW DATA IN  < [0x02,0xc3,0x00,0x61,0x80,0x00,0x22,0x00,0x00,0x00,0x00,0x00,0x00,0x00,0x00,0x00,0x00,0x00] 
187: (3/12 9:07:38.193) - SMART Board (0x61) - on USB (1): RAW DATA OUT		> [0x02,0xe1,0x00,0x01,0xe0,0x00,0x00,0x00,0x00,0x00,0x00,0x00,0x00,0x00,0x00,0x00,0x00,0x00] 
188: (3/12 9:07:38.648) - SMART Board (0x61) - on USB (1): RAW DATA IN  < [0x02,0xc3,0x00,0x61,0x80,0x00,0x22,0x00,0x00,0x00,0x00,0x00,0x00,0x00,0x00,0x00,0x00,0x00] 
189: (3/12 9:07:38.696) - SMART Board (0x61) - on USB (1): RAW DATA OUT		> [0x02,0xe1,0x00,0x01,0xe0,0x00,0x00,0x00,0x00,0x00,0x00,0x00,0x00,0x00,0x00,0x00,0x00,0x00] 
190: (3/12 9:07:39.147) - SMART Board (0x61) - on USB (1): RAW DATA IN  < [0x02,0xc3,0x00,0x61,0x80,0x00,0x22,0x00,0x00,0x00,0x00,0x00,0x00,0x00,0x00,0x00,0x00,0x00] 
191: (3/12 9:07:39.196) - SMART Board (0x61) - on USB (1): RAW DATA OUT		> [0x02,0xe1,0x00,0x01,0xe0,0x00,0x00,0x00,0x00,0x00,0x00,0x00,0x00,0x00,0x00,0x00,0x00,0x00] 
192: (3/12 9:07:39.648) - SMART Board (0x61) - on USB (1): RAW DATA IN  < [0x02,0xc3,0x00,0x61,0x80,0x00,0x22,0x00,0x00,0x00,0x00,0x00,0x00,0x00,0x00,0x00,0x00,0x00] 
193: (3/12 9:07:39.696) - SMART Board (0x61) - on USB (1): RAW DATA OUT		> [0x02,0xe1,0x00,0x01,0xe0,0x00,0x00,0x00,0x00,0x00,0x00,0x00,0x00,0x00,0x00,0x00,0x00,0x00] 
194: (3/12 9:07:39.704) - SMART Board (0x61) - on USB (1): RAW DATA OUT		> [0x02,0xf0,0x01,0xf1,0x00,0x00,0x00,0x00,0x00,0x00,0x00,0x00,0x00,0x00,0x00,0x00,0x00,0x00] 
195: (3/12 9:07:39.716) - SMART Board (0x61) - on USB (1): RAW DATA IN  < [0x02,0xb4,0x01,0x61,0x01,0x10,0x01,0xc4,0x00,0x00,0x00,0x00,0x00,0x00,0x00,0x00,0x00,0x00] 
196: (3/12 9:07:39.716) - SMART Board (0x61) - on USB (1):  Pentray Found.
197: (3/12 9:07:40.150) - SMART Board (0x61) - on USB (1): RAW DATA IN  < [0x02,0xc3,0x00,0x61,0x80,0x00,0x22,0x00,0x00,0x00,0x00,0x00,0x00,0x00,0x00,0x00,0x00,0x00] 
198: (3/12 9:07:40.198) - SMART Board (0x61) - on USB (1): RAW DATA OUT		> [0x02,0xe1,0x00,0x01,0xe0,0x00,0x00,0x00,0x00,0x00,0x00,0x00,0x00,0x00,0x00,0x00,0x00,0x00] 
199: (3/12 9:07:40.653) - SMART Board (0x61) - on USB (1): RAW DATA IN  < [0x02,0xc3,0x00,0x61,0x80,0x00,0x22,0x00,0x00,0x00,0x00,0x00,0x00,0x00,0x00,0x00,0x00,0x00] 
200: (3/12 9:07:40.702) - SMART Board (0x61) - on USB (1): RAW DATA OUT		> [0x02,0xe1,0x00,0x01,0xe0,0x00,0x00,0x00,0x00,0x00,0x00,0x00,0x00,0x00,0x00,0x00,0x00,0x00] 
201: (3/12 9:07:41.152) - SMART Board (0x61) - on USB (1): RAW DATA IN  < [0x02,0xc3,0x00,0x61,0x80,0x00,0x22,0x00,0x00,0x00,0x00,0x00,0x00,0x00,0x00,0x00,0x00,0x00] 
202: (3/12 9:07:41.200) - SMART Board (0x61) - on USB (1): RAW DATA OUT		> [0x02,0xe1,0x00,0x01,0xe0,0x00,0x00,0x00,0x00,0x00,0x00,0x00,0x00,0x00,0x00,0x00,0x00,0x00] 
203: (3/12 9:07:41.653) - SMART Board (0x61) - on USB (1): RAW DATA IN  < [0x02,0xc3,0x00,0x61,0x80,0x00,0x22,0x00,0x00,0x00,0x00,0x00,0x00,0x00,0x00,0x00,0x00,0x00] 
204: (3/12 9:07:41.703) - SMART Board (0x61) - on USB (1): RAW DATA OUT		> [0x02,0xe1,0x00,0x01,0xe0,0x00,0x00,0x00,0x00,0x00,0x00,0x00,0x00,0x00,0x00,0x00,0x00,0x00] 
205: (3/12 9:07:42.154) - SMART Board (0x61) - on USB (1): RAW DATA IN  < [0x02,0xc3,0x00,0x61,0x80,0x00,0x22,0x00,0x00,0x00,0x00,0x00,0x00,0x00,0x00,0x00,0x00,0x00] 
206: (3/12 9:07:42.204) - SMART Board (0x61) - on USB (1): RAW DATA OUT		> [0x02,0xe1,0x00,0x01,0xe0,0x00,0x00,0x00,0x00,0x00,0x00,0x00,0x00,0x00,0x00,0x00,0x00,0x00] 
207: (3/12 9:07:42.655) - SMART Board (0x61) - on USB (1): RAW DATA IN  < [0x02,0xc3,0x00,0x61,0x80,0x00,0x22,0x00,0x00,0x00,0x00,0x00,0x00,0x00,0x00,0x00,0x00,0x00] 
208: (3/12 9:07:42.704) - SMART Board (0x61) - on USB (1): RAW DATA OUT		> [0x02,0xe1,0x00,0x01,0xe0,0x00,0x00,0x00,0x00,0x00,0x00,0x00,0x00,0x00,0x00,0x00,0x00,0x00] 
209: (3/12 9:07:43.156) - SMART Board (0x61) - on USB (1): RAW DATA IN  < [0x02,0xc3,0x00,0x61,0x80,0x00,0x22,0x00,0x00,0x00,0x00,0x00,0x00,0x00,0x00,0x00,0x00,0x00] 
210: (3/12 9:07:43.205) - SMART Board (0x61) - on USB (1): RAW DATA OUT		> [0x02,0xe1,0x00,0x01,0xe0,0x00,0x00,0x00,0x00,0x00,0x00,0x00,0x00,0x00,0x00,0x00,0x00,0x00] 
211: (3/12 9:07:43.657) - SMART Board (0x61) - on USB (1): RAW DATA IN  < [0x02,0xc3,0x00,0x61,0x80,0x00,0x22,0x00,0x00,0x00,0x00,0x00,0x00,0x00,0x00,0x00,0x00,0x00] 
212: (3/12 9:07:43.707) - SMART Board (0x61) - on USB (1): RAW DATA OUT		> [0x02,0xe1,0x00,0x01,0xe0,0x00,0x00,0x00,0x00,0x00,0x00,0x00,0x00,0x00,0x00,0x00,0x00,0x00] 
213: (3/12 9:07:44.162) - SMART Board (0x61) - on USB (1): RAW DATA IN  < [0x02,0xc3,0x00,0x61,0x80,0x00,0x22,0x00,0x00,0x00,0x00,0x00,0x00,0x00,0x00,0x00,0x00,0x00] 
214: (3/12 9:07:44.210) - SMART Board (0x61) - on USB (1): RAW DATA OUT		> [0x02,0xe1,0x00,0x01,0xe0,0x00,0x00,0x00,0x00,0x00,0x00,0x00,0x00,0x00,0x00,0x00,0x00,0x00] 
215: (3/12 9:07:44.659) - SMART Board (0x61) - on USB (1): RAW DATA IN  < [0x02,0xc3,0x00,0x61,0x80,0x00,0x22,0x00,0x00,0x00,0x00,0x00,0x00,0x00,0x00,0x00,0x00,0x00] 
216: (3/12 9:07:44.659) - SMART Board (0x61) - on USB (1): RAW DATA OUT		> [0x02,0xe1,0x00,0x01,0xe0,0x00,0x00,0x00,0x00,0x00,0x00,0x00,0x00,0x00,0x00,0x00,0x00,0x00] 
217: (3/12 9:07:45.160) - SMART Board (0x61) - on USB (1): RAW DATA IN  < [0x02,0xc3,0x00,0x61,0x80,0x00,0x22,0x00,0x00,0x00,0x00,0x00,0x00,0x00,0x00,0x00,0x00,0x00] 
218: (3/12 9:07:45.209) - SMART Board (0x61) - on USB (1): RAW DATA OUT		> [0x02,0xe1,0x00,0x01,0xe0,0x00,0x00,0x00,0x00,0x00,0x00,0x00,0x00,0x00,0x00,0x00,0x00,0x00] 
219: (3/12 9:07:45.661) - SMART Board (0x61) - on USB (1): RAW DATA IN  < [0x02,0xc3,0x00,0x61,0x80,0x00,0x22,0x00,0x00,0x00,0x00,0x00,0x00,0x00,0x00,0x00,0x00,0x00] 
220: (3/12 9:07:45.709) - SMART Board (0x61) - on USB (1): RAW DATA OUT		> [0x02,0xe1,0x00,0x01,0xe0,0x00,0x00,0x00,0x00,0x00,0x00,0x00,0x00,0x00,0x00,0x00,0x00,0x00] 
221: (3/12 9:07:46.163) - SMART Board (0x61) - on USB (1): RAW DATA IN  < [0x02,0xc3,0x00,0x61,0x80,0x00,0x22,0x00,0x00,0x00,0x00,0x00,0x00,0x00,0x00,0x00,0x00,0x00] 
222: (3/12 9:07:46.211) - SMART Board (0x61) - on USB (1): RAW DATA OUT		> [0x02,0xe1,0x00,0x01,0xe0,0x00,0x00,0x00,0x00,0x00,0x00,0x00,0x00,0x00,0x00,0x00,0x00,0x00] 
223: (3/12 9:07:46.666) - SMART Board (0x61) - on USB (1): RAW DATA IN  < [0x02,0xc3,0x00,0x61,0x80,0x00,0x22,0x00,0x00,0x00,0x00,0x00,0x00,0x00,0x00,0x00,0x00,0x00] 
224: (3/12 9:07:46.715) - SMART Board (0x61) - on USB (1): RAW DATA OUT		> [0x02,0xe1,0x00,0x01,0xe0,0x00,0x00,0x00,0x00,0x00,0x00,0x00,0x00,0x00,0x00,0x00,0x00,0x00] 
225: (3/12 9:07:47.168) - SMART Board (0x61) - on USB (1): RAW DATA IN  < [0x02,0xc3,0x00,0x61,0x80,0x00,0x22,0x00,0x00,0x00,0x00,0x00,0x00,0x00,0x00,0x00,0x00,0x00] 
226: (3/12 9:07:47.216) - SMART Board (0x61) - on USB (1): RAW DATA OUT		> [0x02,0xe1,0x00,0x01,0xe0,0x00,0x00,0x00,0x00,0x00,0x00,0x00,0x00,0x00,0x00,0x00,0x00,0x00] 
227: (3/12 9:07:47.665) - SMART Board (0x61) - on USB (1): RAW DATA IN  < [0x02,0xc3,0x00,0x61,0x80,0x00,0x22,0x00,0x00,0x00,0x00,0x00,0x00,0x00,0x00,0x00,0x00,0x00] 
228: (3/12 9:07:47.713) - SMART Board (0x61) - on USB (1): RAW DATA OUT		> [0x02,0xe1,0x00,0x01,0xe0,0x00,0x00,0x00,0x00,0x00,0x00,0x00,0x00,0x00,0x00,0x00,0x00,0x00] 
229: (3/12 9:07:48.168) - SMART Board (0x61) - on USB (1): RAW DATA IN  < [0x02,0xc3,0x00,0x61,0x80,0x00,0x22,0x00,0x00,0x00,0x00,0x00,0x00,0x00,0x00,0x00,0x00,0x00] 
230: (3/12 9:07:48.215) - SMART Board (0x61) - on USB (1): RAW DATA OUT		> [0x02,0xe1,0x00,0x01,0xe0,0x00,0x00,0x00,0x00,0x00,0x00,0x00,0x00,0x00,0x00,0x00,0x00,0x00] 
231: (3/12 9:07:48.667) - SMART Board (0x61) - on USB (1): RAW DATA IN  < [0x02,0xc3,0x00,0x61,0x80,0x00,0x22,0x00,0x00,0x00,0x00,0x00,0x00,0x00,0x00,0x00,0x00,0x00] 
232: (3/12 9:07:48.715) - SMART Board (0x61) - on USB (1): RAW DATA OUT		> [0x02,0xe1,0x00,0x01,0xe0,0x00,0x00,0x00,0x00,0x00,0x00,0x00,0x00,0x00,0x00,0x00,0x00,0x00] 
233: (3/12 9:07:49.168) - SMART Board (0x61) - on USB (1): RAW DATA IN  < [0x02,0xc3,0x00,0x61,0x80,0x00,0x22,0x00,0x00,0x00,0x00,0x00,0x00,0x00,0x00,0x00,0x00,0x00] 
234: (3/12 9:07:49.216) - SMART Board (0x61) - on USB (1): RAW DATA OUT		> [0x02,0xe1,0x00,0x01,0xe0,0x00,0x00,0x00,0x00,0x00,0x00,0x00,0x00,0x00,0x00,0x00,0x00,0x00] 
235: (3/12 9:07:49.668) - SMART Board (0x61) - on USB (1): RAW DATA IN  < [0x02,0xc3,0x00,0x61,0x80,0x00,0x22,0x00,0x00,0x00,0x00,0x00,0x00,0x00,0x00,0x00,0x00,0x00] 
236: (3/12 9:07:49.717) - SMART Board (0x61) - on USB (1): RAW DATA OUT		> [0x02,0xe1,0x00,0x01,0xe0,0x00,0x00,0x00,0x00,0x00,0x00,0x00,0x00,0x00,0x00,0x00,0x00,0x00] 
237: (3/12 9:07:49.721) - SMART Board (0x61) - on USB (1): RAW DATA OUT		> [0x02,0xf0,0x01,0xf1,0x00,0x00,0x00,0x00,0x00,0x00,0x00,0x00,0x00,0x00,0x00,0x00,0x00,0x00] 
238: (3/12 9:07:49.732) - SMART Board (0x61) - on USB (1): RAW DATA IN  < [0x02,0xb4,0x01,0x61,0x01,0x10,0x01,0xc4,0x00,0x00,0x00,0x00,0x00,0x00,0x00,0x00,0x00,0x00] 
239: (3/12 9:07:49.732) - SMART Board (0x61) - on USB (1):  Pentray Found.
240: (3/12 9:07:50.170) - SMART Board (0x61) - on USB (1): RAW DATA IN  < [0x02,0xc3,0x00,0x61,0x80,0x00,0x22,0x00,0x00,0x00,0x00,0x00,0x00,0x00,0x00,0x00,0x00,0x00] 
241: (3/12 9:07:50.219) - SMART Board (0x61) - on USB (1): RAW DATA OUT		> [0x02,0xe1,0x00,0x01,0xe0,0x00,0x00,0x00,0x00,0x00,0x00,0x00,0x00,0x00,0x00,0x00,0x00,0x00] 
242: (3/12 9:07:50.671) - SMART Board (0x61) - on USB (1): RAW DATA IN  < [0x02,0xc3,0x00,0x61,0x80,0x00,0x22,0x00,0x00,0x00,0x00,0x00,0x00,0x00,0x00,0x00,0x00,0x00] 
243: (3/12 9:07:50.719) - SMART Board (0x61) - on USB (1): RAW DATA OUT		> [0x02,0xe1,0x00,0x01,0xe0,0x00,0x00,0x00,0x00,0x00,0x00,0x00,0x00,0x00,0x00,0x00,0x00,0x00] 
244: (3/12 9:07:51.172) - SMART Board (0x61) - on USB (1): RAW DATA IN  < [0x02,0xc3,0x00,0x61,0x80,0x00,0x22,0x00,0x00,0x00,0x00,0x00,0x00,0x00,0x00,0x00,0x00,0x00] 
245: (3/12 9:07:51.220) - SMART Board (0x61) - on USB (1): RAW DATA OUT		> [0x02,0xe1,0x00,0x01,0xe0,0x00,0x00,0x00,0x00,0x00,0x00,0x00,0x00,0x00,0x00,0x00,0x00,0x00] 
246: (3/12 9:07:51.678) - SMART Board (0x61) - on USB (1): RAW DATA IN  < [0x02,0xc3,0x00,0x61,0x80,0x00,0x22,0x00,0x00,0x00,0x00,0x00,0x00,0x00,0x00,0x00,0x00,0x00] 
247: (3/12 9:07:51.727) - SMART Board (0x61) - on USB (1): RAW DATA OUT		> [0x02,0xe1,0x00,0x01,0xe0,0x00,0x00,0x00,0x00,0x00,0x00,0x00,0x00,0x00,0x00,0x00,0x00,0x00] 
248: (3/12 9:07:52.178) - SMART Board (0x61) - on USB (1): RAW DATA IN  < [0x02,0xc3,0x00,0x61,0x80,0x00,0x22,0x00,0x00,0x00,0x00,0x00,0x00,0x00,0x00,0x00,0x00,0x00] 
249: (3/12 9:07:52.227) - SMART Board (0x61) - on USB (1): RAW DATA OUT		> [0x02,0xe1,0x00,0x01,0xe0,0x00,0x00,0x00,0x00,0x00,0x00,0x00,0x00,0x00,0x00,0x00,0x00,0x00] 
250: (3/12 9:07:52.675) - SMART Board (0x61) - on USB (1): RAW DATA IN  < [0x02,0xc3,0x00,0x61,0x80,0x00,0x22,0x00,0x00,0x00,0x00,0x00,0x00,0x00,0x00,0x00,0x00,0x00] 
251: (3/12 9:07:52.723) - SMART Board (0x61) - on USB (1): RAW DATA OUT		> [0x02,0xe1,0x00,0x01,0xe0,0x00,0x00,0x00,0x00,0x00,0x00,0x00,0x00,0x00,0x00,0x00,0x00,0x00] 
252: (3/12 9:07:53.179) - SMART Board (0x61) - on USB (1): RAW DATA IN  < [0x02,0xc3,0x00,0x61,0x80,0x00,0x22,0x00,0x00,0x00,0x00,0x00,0x00,0x00,0x00,0x00,0x00,0x00] 
253: (3/12 9:07:53.228) - SMART Board (0x61) - on USB (1): RAW DATA OUT		> [0x02,0xe1,0x00,0x01,0xe0,0x00,0x00,0x00,0x00,0x00,0x00,0x00,0x00,0x00,0x00,0x00,0x00,0x00] 
254: (3/12 9:07:53.676) - SMART Board (0x61) - on USB (1): RAW DATA IN  < [0x02,0xc3,0x00,0x61,0x80,0x00,0x22,0x00,0x00,0x00,0x00,0x00,0x00,0x00,0x00,0x00,0x00,0x00] 
255: (3/12 9:07:53.725) - SMART Board (0x61) - on USB (1): RAW DATA OUT		> [0x02,0xe1,0x00,0x01,0xe0,0x00,0x00,0x00,0x00,0x00,0x00,0x00,0x00,0x00,0x00,0x00,0x00,0x00] 
256: (3/12 9:07:54.178) - SMART Board (0x61) - on USB (1): RAW DATA IN  < [0x02,0xc3,0x00,0x61,0x80,0x00,0x22,0x00,0x00,0x00,0x00,0x00,0x00,0x00,0x00,0x00,0x00,0x00] 
257: (3/12 9:07:54.226) - SMART Board (0x61) - on USB (1): RAW DATA OUT		> [0x02,0xe1,0x00,0x01,0xe0,0x00,0x00,0x00,0x00,0x00,0x00,0x00,0x00,0x00,0x00,0x00,0x00,0x00] 
258: (3/12 9:07:54.679) - SMART Board (0x61) - on USB (1): RAW DATA IN  < [0x02,0xc3,0x00,0x61,0x80,0x00,0x22,0x00,0x00,0x00,0x00,0x00,0x00,0x00,0x00,0x00,0x00,0x00] 
259: (3/12 9:07:54.727) - SMART Board (0x61) - on USB (1): RAW DATA OUT		> [0x02,0xe1,0x00,0x01,0xe0,0x00,0x00,0x00,0x00,0x00,0x00,0x00,0x00,0x00,0x00,0x00,0x00,0x00] 
260: (3/12 9:07:54.795) - SMART Board (0x61) - on USB (1): RAW DATA IN  < [0x02,0xd2,0x05,0x10,0x00,0xc7,0x00,0x00,0x00,0x00,0x00,0x00,0x00,0x00,0x00,0x00,0x00,0x00] 
261: (3/12 9:07:54.796) - SMART Board (0x61) - on USB (1):  Tool change to: BLACK PEN, tool source 0, mid stream 0, contact index 1, force send tool change 1.
262: (3/12 9:07:54.844) - SMART Board (0x61) - on USB (1): RAW DATA OUT		> [0x02,0xd2,0x07,0xff,0x10,0x3a,0x00,0x00,0x00,0x00,0x00,0x00,0x00,0x00,0x00,0x00,0x00,0x00] 
263: (3/12 9:07:54.857) - SMART Board (0x61) - on USB (1): RAW DATA IN  < [0x02,0xd2,0x07,0x10,0x00,0xc5,0x00,0x00,0x00,0x00,0x00,0x00,0x00,0x00,0x00,0x00,0x00,0x00] 
264: (3/12 9:07:55.180) - SMART Board (0x61) - on USB (1): RAW DATA IN  < [0x02,0xc3,0x00,0x61,0x80,0x00,0x22,0x00,0x00,0x00,0x00,0x00,0x00,0x00,0x00,0x00,0x00,0x00] 
265: (3/12 9:07:55.229) - SMART Board (0x61) - on USB (1): RAW DATA OUT		> [0x02,0xe1,0x00,0x01,0xe0,0x00,0x00,0x00,0x00,0x00,0x00,0x00,0x00,0x00,0x00,0x00,0x00,0x00] 
266: (3/12 9:07:55.509) - SMART Board (0x61) - on USB (1): RAW DATA IN  < [0x02,0xd2,0x05,0x00,0x00,0xd7,0x00,0x00,0x00,0x00,0x00,0x00,0x00,0x00,0x00,0x00,0x00,0x00] 
267: (3/12 9:07:55.510) - SMART Board (0x61) - on USB (1):  Tool change to: NO TOOL, tool source 0, mid stream 0, contact index 1, force send tool change 1.
268: (3/12 9:07:55.557) - SMART Board (0x61) - on USB (1): RAW DATA OUT		> [0x02,0xd2,0x07,0xff,0x00,0x2a,0x00,0x00,0x00,0x00,0x00,0x00,0x00,0x00,0x00,0x00,0x00,0x00] 
269: (3/12 9:07:55.561) - SMART Board (0x61) - on USB (1): RAW DATA OUT		> [0x02,0xd2,0x07,0xff,0x20,0x0a,0x00,0x00,0x00,0x00,0x00,0x00,0x00,0x00,0x00,0x00,0x00,0x00] 
270: (3/12 9:07:55.573) - SMART Board (0x61) - on USB (1): RAW DATA IN  < [0x02,0xd2,0x07,0x00,0x00,0xd5,0x00,0x00,0x00,0x00,0x00,0x00,0x00,0x00,0x00,0x00,0x00,0x00] 
271: (3/12 9:07:55.585) - SMART Board (0x61) - on USB (1): RAW DATA IN  < [0x02,0xd2,0x07,0x20,0x00,0xf5,0x00,0x00,0x00,0x00,0x00,0x00,0x00,0x00,0x00,0x00,0x00,0x00] 
272: (3/12 9:07:55.686) - SMART Board (0x61) - on USB (1): RAW DATA IN  < [0x02,0xc3,0x00,0x61,0x80,0x00,0x22,0x00,0x00,0x00,0x00,0x00,0x00,0x00,0x00,0x00,0x00,0x00] 
273: (3/12 9:07:55.735) - SMART Board (0x61) - on USB (1): RAW DATA OUT		> [0x02,0xe1,0x00,0x01,0xe0,0x00,0x00,0x00,0x00,0x00,0x00,0x00,0x00,0x00,0x00,0x00,0x00,0x00] 
274: (3/12 9:07:56.182) - SMART Board (0x61) - on USB (1): RAW DATA IN  < [0x02,0xc3,0x00,0x61,0x80,0x00,0x22,0x00,0x00,0x00,0x00,0x00,0x00,0x00,0x00,0x00,0x00,0x00] 
275: (3/12 9:07:56.231) - SMART Board (0x61) - on USB (1): RAW DATA OUT		> [0x02,0xe1,0x00,0x01,0xe0,0x00,0x00,0x00,0x00,0x00,0x00,0x00,0x00,0x00,0x00,0x00,0x00,0x00] 
276: (3/12 9:07:56.629) - SMART Board (0x61) - on USB (1): RAW DATA IN  < [0x02,0xd2,0x05,0x08,0x00,0xdf,0x00,0x00,0x00,0x00,0x00,0x00,0x00,0x00,0x00,0x00,0x00,0x00] 
277: (3/12 9:07:56.630) - SMART Board (0x61) - on USB (1):  Tool change to: RED PEN, tool source 0, mid stream 0, contact index 1, force send tool change 1.
278: (3/12 9:07:56.678) - SMART Board (0x61) - on USB (1): RAW DATA OUT		> [0x02,0xd2,0x07,0xff,0x08,0x22,0x00,0x00,0x00,0x00,0x00,0x00,0x00,0x00,0x00,0x00,0x00,0x00] 
279: (3/12 9:07:56.683) - SMART Board (0x61) - on USB (1): RAW DATA IN  < [0x02,0xc3,0x00,0x61,0x80,0x00,0x22,0x00,0x00,0x00,0x00,0x00,0x00,0x00,0x00,0x00,0x00,0x00] 
280: (3/12 9:07:56.685) - SMART Board (0x61) - on USB (1): RAW DATA IN  < [0x02,0xd2,0x07,0x08,0x00,0xdd,0x00,0x00,0x00,0x00,0x00,0x00,0x00,0x00,0x00,0x00,0x00,0x00] 
281: (3/12 9:07:56.685) - SMART Board (0x61) - on USB (1): RAW DATA OUT		> [0x02,0xe1,0x00,0x01,0xe0,0x00,0x00,0x00,0x00,0x00,0x00,0x00,0x00,0x00,0x00,0x00,0x00,0x00] 
282: (3/12 9:07:57.184) - SMART Board (0x61) - on USB (1): RAW DATA IN  < [0x02,0xc3,0x00,0x61,0x80,0x00,0x22,0x00,0x00,0x00,0x00,0x00,0x00,0x00,0x00,0x00,0x00,0x00] 
283: (3/12 9:07:57.185) - SMART Board (0x61) - on USB (1): RAW DATA OUT		> [0x02,0xe1,0x00,0x01,0xe0,0x00,0x00,0x00,0x00,0x00,0x00,0x00,0x00,0x00,0x00,0x00,0x00,0x00] 
284: (3/12 9:07:57.350) - SMART Board (0x61) - on USB (1): RAW DATA IN  < [0x02,0xd2,0x05,0x00,0x00,0xd7,0x00,0x00,0x00,0x00,0x00,0x00,0x00,0x00,0x00,0x00,0x00,0x00] 
285: (3/12 9:07:57.350) - SMART Board (0x61) - on USB (1):  Tool change to: NO TOOL, tool source 0, mid stream 0, contact index 1, force send tool change 1.
286: (3/12 9:07:57.400) - SMART Board (0x61) - on USB (1): RAW DATA OUT		> [0x02,0xd2,0x07,0xff,0x00,0x2a,0x00,0x00,0x00,0x00,0x00,0x00,0x00,0x00,0x00,0x00,0x00,0x00] 
287: (3/12 9:07:57.409) - SMART Board (0x61) - on USB (1): RAW DATA OUT		> [0x02,0xd2,0x07,0xff,0x20,0x0a,0x00,0x00,0x00,0x00,0x00,0x00,0x00,0x00,0x00,0x00,0x00,0x00] 
288: (3/12 9:07:57.421) - SMART Board (0x61) - on USB (1): RAW DATA IN  < [0x02,0xd2,0x07,0x00,0x00,0xd5,0x00,0x00,0x00,0x00,0x00,0x00,0x00,0x00,0x00,0x00,0x00,0x00] 
289: (3/12 9:07:57.426) - SMART Board (0x61) - on USB (1): RAW DATA IN  < [0x02,0xd2,0x07,0x20,0x00,0xf5,0x00,0x00,0x00,0x00,0x00,0x00,0x00,0x00,0x00,0x00,0x00,0x00] 
290: (3/12 9:07:57.684) - SMART Board (0x61) - on USB (1): RAW DATA IN  < [0x02,0xc3,0x00,0x61,0x80,0x00,0x22,0x00,0x00,0x00,0x00,0x00,0x00,0x00,0x00,0x00,0x00,0x00] 
291: (3/12 9:07:57.732) - SMART Board (0x61) - on USB (1): RAW DATA OUT		> [0x02,0xe1,0x00,0x01,0xe0,0x00,0x00,0x00,0x00,0x00,0x00,0x00,0x00,0x00,0x00,0x00,0x00,0x00] 
292: (3/12 9:07:58.187) - SMART Board (0x61) - on USB (1): RAW DATA IN  < [0x02,0xc3,0x00,0x61,0x80,0x00,0x22,0x00,0x00,0x00,0x00,0x00,0x00,0x00,0x00,0x00,0x00,0x00] 
293: (3/12 9:07:58.236) - SMART Board (0x61) - on USB (1): RAW DATA OUT		> [0x02,0xe1,0x00,0x01,0xe0,0x00,0x00,0x00,0x00,0x00,0x00,0x00,0x00,0x00,0x00,0x00,0x00,0x00] 
294: (3/12 9:07:58.686) - SMART Board (0x61) - on USB (1): RAW DATA IN  < [0x02,0xc3,0x00,0x61,0x80,0x00,0x22,0x00,0x00,0x00,0x00,0x00,0x00,0x00,0x00,0x00,0x00,0x00] 
295: (3/12 9:07:58.736) - SMART Board (0x61) - on USB (1): RAW DATA OUT		> [0x02,0xe1,0x00,0x01,0xe0,0x00,0x00,0x00,0x00,0x00,0x00,0x00,0x00,0x00,0x00,0x00,0x00,0x00] 
296: (3/12 9:07:59.187) - SMART Board (0x61) - on USB (1): RAW DATA IN  < [0x02,0xc3,0x00,0x61,0x80,0x00,0x22,0x00,0x00,0x00,0x00,0x00,0x00,0x00,0x00,0x00,0x00,0x00] 
297: (3/12 9:07:59.236) - SMART Board (0x61) - on USB (1): RAW DATA OUT		> [0x02,0xe1,0x00,0x01,0xe0,0x00,0x00,0x00,0x00,0x00,0x00,0x00,0x00,0x00,0x00,0x00,0x00,0x00] 
298: (3/12 9:07:59.689) - SMART Board (0x61) - on USB (1): RAW DATA IN  < [0x02,0xc3,0x00,0x61,0x80,0x00,0x22,0x00,0x00,0x00,0x00,0x00,0x00,0x00,0x00,0x00,0x00,0x00] 
299: (3/12 9:07:59.737) - SMART Board (0x61) - on USB (1): RAW DATA OUT		> [0x02,0xe1,0x00,0x01,0xe0,0x00,0x00,0x00,0x00,0x00,0x00,0x00,0x00,0x00,0x00,0x00,0x00,0x00] 
300: (3/12 9:07:59.744) - SMART Board (0x61) - on USB (1): RAW DATA OUT		> [0x02,0xf0,0x01,0xf1,0x00,0x00,0x00,0x00,0x00,0x00,0x00,0x00,0x00,0x00,0x00,0x00,0x00,0x00] 
301: (3/12 9:07:59.756) - SMART Board (0x61) - on USB (1): RAW DATA IN  < [0x02,0xb4,0x01,0x61,0x01,0x10,0x01,0xc4,0x00,0x00,0x00,0x00,0x00,0x00,0x00,0x00,0x00,0x00] 
302: (3/12 9:07:59.756) - SMART Board (0x61) - on USB (1):  Pentray Found.
303: (3/12 9:07:59.996) - SMART Board (0x61) - on USB (1): RAW DATA IN  < [0x02,0xd2,0x05,0x02,0x00,0xd5,0x00,0x00,0x00,0x00,0x00,0x00,0x00,0x00,0x00,0x00,0x00,0x00] 
304: (3/12 9:07:59.996) - SMART Board (0x61) - on USB (1):  Tool change to: GREEN PEN, tool source 0, mid stream 0, contact index 1, force send tool change 1.
305: (3/12 9:08:00.044) - SMART Board (0x61) - on USB (1): RAW DATA OUT		> [0x02,0xd2,0x07,0xff,0x02,0x28,0x00,0x00,0x00,0x00,0x00,0x00,0x00,0x00,0x00,0x00,0x00,0x00] 
306: (3/12 9:08:00.052) - SMART Board (0x61) - on USB (1): RAW DATA IN  < [0x02,0xd2,0x07,0x02,0x00,0xd7,0x00,0x00,0x00,0x00,0x00,0x00,0x00,0x00,0x00,0x00,0x00,0x00] 
307: (3/12 9:08:00.189) - SMART Board (0x61) - on USB (1): RAW DATA IN  < [0x02,0xc3,0x00,0x61,0x80,0x00,0x22,0x00,0x00,0x00,0x00,0x00,0x00,0x00,0x00,0x00,0x00,0x00] 
308: (3/12 9:08:00.238) - SMART Board (0x61) - on USB (1): RAW DATA OUT		> [0x02,0xe1,0x00,0x01,0xe0,0x00,0x00,0x00,0x00,0x00,0x00,0x00,0x00,0x00,0x00,0x00,0x00,0x00] 
309: (3/12 9:08:00.693) - SMART Board (0x61) - on USB (1): RAW DATA IN  < [0x02,0xc3,0x00,0x61,0x80,0x00,0x22,0x00,0x00,0x00,0x00,0x00,0x00,0x00,0x00,0x00,0x00,0x00] 
310: (3/12 9:08:00.694) - SMART Board (0x61) - on USB (1): RAW DATA OUT		> [0x02,0xe1,0x00,0x01,0xe0,0x00,0x00,0x00,0x00,0x00,0x00,0x00,0x00,0x00,0x00,0x00,0x00,0x00] 
311: (3/12 9:08:00.710) - SMART Board (0x61) - on USB (1): RAW DATA IN  < [0x02,0xd2,0x05,0x00,0x00,0xd7,0x00,0x00,0x00,0x00,0x00,0x00,0x00,0x00,0x00,0x00,0x00,0x00] 
312: (3/12 9:08:00.711) - SMART Board (0x61) - on USB (1):  Tool change to: NO TOOL, tool source 0, mid stream 0, contact index 1, force send tool change 1.
313: (3/12 9:08:00.760) - SMART Board (0x61) - on USB (1): RAW DATA OUT		> [0x02,0xd2,0x07,0xff,0x00,0x2a,0x00,0x00,0x00,0x00,0x00,0x00,0x00,0x00,0x00,0x00,0x00,0x00] 
314: (3/12 9:08:00.769) - SMART Board (0x61) - on USB (1): RAW DATA OUT		> [0x02,0xd2,0x07,0xff,0x20,0x0a,0x00,0x00,0x00,0x00,0x00,0x00,0x00,0x00,0x00,0x00,0x00,0x00] 
315: (3/12 9:08:00.781) - SMART Board (0x61) - on USB (1): RAW DATA IN  < [0x02,0xd2,0x07,0x00,0x00,0xd5,0x00,0x00,0x00,0x00,0x00,0x00,0x00,0x00,0x00,0x00,0x00,0x00] 
316: (3/12 9:08:00.782) - SMART Board (0x61) - on USB (1): RAW DATA IN  < [0x02,0xd2,0x07,0x20,0x00,0xf5,0x00,0x00,0x00,0x00,0x00,0x00,0x00,0x00,0x00,0x00,0x00,0x00] 
317: (3/12 9:08:01.192) - SMART Board (0x61) - on USB (1): RAW DATA IN  < [0x02,0xc3,0x00,0x61,0x80,0x00,0x22,0x00,0x00,0x00,0x00,0x00,0x00,0x00,0x00,0x00,0x00,0x00] 
318: (3/12 9:08:01.241) - SMART Board (0x61) - on USB (1): RAW DATA OUT		> [0x02,0xe1,0x00,0x01,0xe0,0x00,0x00,0x00,0x00,0x00,0x00,0x00,0x00,0x00,0x00,0x00,0x00,0x00] 
319: (3/12 9:08:01.522) - SMART Board (0x61) - on USB (1): RAW DATA IN  < [0x02,0xd2,0x05,0x01,0x00,0xd6,0x00,0x00,0x00,0x00,0x00,0x00,0x00,0x00,0x00,0x00,0x00,0x00] 
320: (3/12 9:08:01.522) - SMART Board (0x61) - on USB (1):  Tool change to: BLUE PEN, tool source 0, mid stream 0, contact index 1, force send tool change 1.
321: (3/12 9:08:01.570) - SMART Board (0x61) - on USB (1): RAW DATA OUT		> [0x02,0xd2,0x07,0xff,0x01,0x2b,0x00,0x00,0x00,0x00,0x00,0x00,0x00,0x00,0x00,0x00,0x00,0x00] 
322: (3/12 9:08:01.584) - SMART Board (0x61) - on USB (1): RAW DATA IN  < [0x02,0xd2,0x07,0x01,0x00,0xd4,0x00,0x00,0x00,0x00,0x00,0x00,0x00,0x00,0x00,0x00,0x00,0x00] 
323: (3/12 9:08:01.693) - SMART Board (0x61) - on USB (1): RAW DATA IN  < [0x02,0xc3,0x00,0x61,0x80,0x00,0x22,0x00,0x00,0x00,0x00,0x00,0x00,0x00,0x00,0x00,0x00,0x00] 
324: (3/12 9:08:01.742) - SMART Board (0x61) - on USB (1): RAW DATA OUT		> [0x02,0xe1,0x00,0x01,0xe0,0x00,0x00,0x00,0x00,0x00,0x00,0x00,0x00,0x00,0x00,0x00,0x00,0x00] 
325: (3/12 9:08:02.199) - SMART Board (0x61) - on USB (1): RAW DATA IN  < [0x02,0xc3,0x00,0x61,0x80,0x00,0x22,0x00,0x00,0x00,0x00,0x00,0x00,0x00,0x00,0x00,0x00,0x00] 
326: (3/12 9:08:02.236) - SMART Board (0x61) - on USB (1): RAW DATA IN  < [0x02,0xd2,0x05,0x00,0x00,0xd7,0x00,0x00,0x00,0x00,0x00,0x00,0x00,0x00,0x00,0x00,0x00,0x00] 
327: (3/12 9:08:02.237) - SMART Board (0x61) - on USB (1): RAW DATA OUT		> [0x02,0xe1,0x00,0x01,0xe0,0x00,0x00,0x00,0x00,0x00,0x00,0x00,0x00,0x00,0x00,0x00,0x00,0x00] 
328: (3/12 9:08:02.237) - SMART Board (0x61) - on USB (1):  Tool change to: NO TOOL, tool source 0, mid stream 0, contact index 1, force send tool change 1.
329: (3/12 9:08:02.289) - SMART Board (0x61) - on USB (1): RAW DATA OUT		> [0x02,0xd2,0x07,0xff,0x00,0x2a,0x00,0x00,0x00,0x00,0x00,0x00,0x00,0x00,0x00,0x00,0x00,0x00] 
330: (3/12 9:08:02.297) - SMART Board (0x61) - on USB (1): RAW DATA OUT		> [0x02,0xd2,0x07,0xff,0x20,0x0a,0x00,0x00,0x00,0x00,0x00,0x00,0x00,0x00,0x00,0x00,0x00,0x00] 
331: (3/12 9:08:02.309) - SMART Board (0x61) - on USB (1): RAW DATA IN  < [0x02,0xd2,0x07,0x00,0x00,0xd5,0x00,0x00,0x00,0x00,0x00,0x00,0x00,0x00,0x00,0x00,0x00,0x00] 
332: (3/12 9:08:02.312) - SMART Board (0x61) - on USB (1): RAW DATA IN  < [0x02,0xd2,0x07,0x20,0x00,0xf5,0x00,0x00,0x00,0x00,0x00,0x00,0x00,0x00,0x00,0x00,0x00,0x00] 
333: (3/12 9:08:02.695) - SMART Board (0x61) - on USB (1): RAW DATA IN  < [0x02,0xc3,0x00,0x61,0x80,0x00,0x22,0x00,0x00,0x00,0x00,0x00,0x00,0x00,0x00,0x00,0x00,0x00] 
334: (3/12 9:08:02.745) - SMART Board (0x61) - on USB (1): RAW DATA OUT		> [0x02,0xe1,0x00,0x01,0xe0,0x00,0x00,0x00,0x00,0x00,0x00,0x00,0x00,0x00,0x00,0x00,0x00,0x00] 
335: (3/12 9:08:03.196) - SMART Board (0x61) - on USB (1): RAW DATA IN  < [0x02,0xc3,0x00,0x61,0x80,0x00,0x22,0x00,0x00,0x00,0x00,0x00,0x00,0x00,0x00,0x00,0x00,0x00] 
336: (3/12 9:08:03.245) - SMART Board (0x61) - on USB (1): RAW DATA OUT		> [0x02,0xe1,0x00,0x01,0xe0,0x00,0x00,0x00,0x00,0x00,0x00,0x00,0x00,0x00,0x00,0x00,0x00,0x00] 
337: (3/12 9:08:03.697) - SMART Board (0x61) - on USB (1): RAW DATA IN  < [0x02,0xc3,0x00,0x61,0x80,0x00,0x22,0x00,0x00,0x00,0x00,0x00,0x00,0x00,0x00,0x00,0x00,0x00] 
338: (3/12 9:08:03.747) - SMART Board (0x61) - on USB (1): RAW DATA OUT		> [0x02,0xe1,0x00,0x01,0xe0,0x00,0x00,0x00,0x00,0x00,0x00,0x00,0x00,0x00,0x00,0x00,0x00,0x00] 
339: (3/12 9:08:04.198) - SMART Board (0x61) - on USB (1): RAW DATA IN  < [0x02,0xc3,0x00,0x61,0x80,0x00,0x22,0x00,0x00,0x00,0x00,0x00,0x00,0x00,0x00,0x00,0x00,0x00] 
340: (3/12 9:08:04.246) - SMART Board (0x61) - on USB (1): RAW DATA OUT		> [0x02,0xe1,0x00,0x01,0xe0,0x00,0x00,0x00,0x00,0x00,0x00,0x00,0x00,0x00,0x00,0x00,0x00,0x00] 
341: (3/12 9:08:04.700) - SMART Board (0x61) - on USB (1): RAW DATA IN  < [0x02,0xc3,0x00,0x61,0x80,0x00,0x22,0x00,0x00,0x00,0x00,0x00,0x00,0x00,0x00,0x00,0x00,0x00] 
342: (3/12 9:08:04.749) - SMART Board (0x61) - on USB (1): RAW DATA OUT		> [0x02,0xe1,0x00,0x01,0xe0,0x00,0x00,0x00,0x00,0x00,0x00,0x00,0x00,0x00,0x00,0x00,0x00,0x00] 
343: (3/12 9:08:05.200) - SMART Board (0x61) - on USB (1): RAW DATA IN  < [0x02,0xc3,0x00,0x61,0x80,0x00,0x22,0x00,0x00,0x00,0x00,0x00,0x00,0x00,0x00,0x00,0x00,0x00] 
344: (3/12 9:08:05.249) - SMART Board (0x61) - on USB (1): RAW DATA OUT		> [0x02,0xe1,0x00,0x01,0xe0,0x00,0x00,0x00,0x00,0x00,0x00,0x00,0x00,0x00,0x00,0x00,0x00,0x00] 
345: (3/12 9:08:05.702) - SMART Board (0x61) - on USB (1): RAW DATA IN  < [0x02,0xc3,0x00,0x61,0x80,0x00,0x22,0x00,0x00,0x00,0x00,0x00,0x00,0x00,0x00,0x00,0x00,0x00] 
346: (3/12 9:08:05.750) - SMART Board (0x61) - on USB (1): RAW DATA OUT		> [0x02,0xe1,0x00,0x01,0xe0,0x00,0x00,0x00,0x00,0x00,0x00,0x00,0x00,0x00,0x00,0x00,0x00,0x00] 
347: (3/12 9:08:06.202) - SMART Board (0x61) - on USB (1): RAW DATA IN  < [0x02,0xc3,0x00,0x61,0x80,0x00,0x22,0x00,0x00,0x00,0x00,0x00,0x00,0x00,0x00,0x00,0x00,0x00] 
348: (3/12 9:08:06.251) - SMART Board (0x61) - on USB (1): RAW DATA OUT		> [0x02,0xe1,0x00,0x01,0xe0,0x00,0x00,0x00,0x00,0x00,0x00,0x00,0x00,0x00,0x00,0x00,0x00,0x00] 
349: (3/12 9:08:06.703) - SMART Board (0x61) - on USB (1): RAW DATA IN  < [0x02,0xc3,0x00,0x61,0x80,0x00,0x22,0x00,0x00,0x00,0x00,0x00,0x00,0x00,0x00,0x00,0x00,0x00] 
350: (3/12 9:08:06.753) - SMART Board (0x61) - on USB (1): RAW DATA OUT		> [0x02,0xe1,0x00,0x01,0xe0,0x00,0x00,0x00,0x00,0x00,0x00,0x00,0x00,0x00,0x00,0x00,0x00,0x00] 
351: (3/12 9:08:07.205) - SMART Board (0x61) - on USB (1): RAW DATA IN  < [0x02,0xc3,0x00,0x61,0x80,0x00,0x22,0x00,0x00,0x00,0x00,0x00,0x00,0x00,0x00,0x00,0x00,0x00] 
352: (3/12 9:08:07.254) - SMART Board (0x61) - on USB (1): RAW DATA OUT		> [0x02,0xe1,0x00,0x01,0xe0,0x00,0x00,0x00,0x00,0x00,0x00,0x00,0x00,0x00,0x00,0x00,0x00,0x00] 
353: (3/12 9:08:07.707) - SMART Board (0x61) - on USB (1): RAW DATA IN  < [0x02,0xc3,0x00,0x61,0x80,0x00,0x22,0x00,0x00,0x00,0x00,0x00,0x00,0x00,0x00,0x00,0x00,0x00] 
354: (3/12 9:08:07.756) - SMART Board (0x61) - on USB (1): RAW DATA OUT		> [0x02,0xe1,0x00,0x01,0xe0,0x00,0x00,0x00,0x00,0x00,0x00,0x00,0x00,0x00,0x00,0x00,0x00,0x00] 
355: (3/12 9:08:08.206) - SMART Board (0x61) - on USB (1): RAW DATA IN  < [0x02,0xc3,0x00,0x61,0x80,0x00,0x22,0x00,0x00,0x00,0x00,0x00,0x00,0x00,0x00,0x00,0x00,0x00] 
356: (3/12 9:08:08.255) - SMART Board (0x61) - on USB (1): RAW DATA OUT		> [0x02,0xe1,0x00,0x01,0xe0,0x00,0x00,0x00,0x00,0x00,0x00,0x00,0x00,0x00,0x00,0x00,0x00,0x00] 
357: (3/12 9:08:08.707) - SMART Board (0x61) - on USB (1): RAW DATA IN  < [0x02,0xc3,0x00,0x61,0x80,0x00,0x22,0x00,0x00,0x00,0x00,0x00,0x00,0x00,0x00,0x00,0x00,0x00] 
358: (3/12 9:08:08.755) - SMART Board (0x61) - on USB (1): RAW DATA OUT		> [0x02,0xe1,0x00,0x01,0xe0,0x00,0x00,0x00,0x00,0x00,0x00,0x00,0x00,0x00,0x00,0x00,0x00,0x00] 
359: (3/12 9:08:09.207) - SMART Board (0x61) - on USB (1): RAW DATA IN  < [0x02,0xc3,0x00,0x61,0x80,0x00,0x22,0x00,0x00,0x00,0x00,0x00,0x00,0x00,0x00,0x00,0x00,0x00] 
360: (3/12 9:08:09.257) - SMART Board (0x61) - on USB (1): RAW DATA OUT		> [0x02,0xe1,0x00,0x01,0xe0,0x00,0x00,0x00,0x00,0x00,0x00,0x00,0x00,0x00,0x00,0x00,0x00,0x00] 
361: (3/12 9:08:09.709) - SMART Board (0x61) - on USB (1): RAW DATA IN  < [0x02,0xc3,0x00,0x61,0x80,0x00,0x22,0x00,0x00,0x00,0x00,0x00,0x00,0x00,0x00,0x00,0x00,0x00] 
362: (3/12 9:08:09.757) - SMART Board (0x61) - on USB (1): RAW DATA OUT		> [0x02,0xe1,0x00,0x01,0xe0,0x00,0x00,0x00,0x00,0x00,0x00,0x00,0x00,0x00,0x00,0x00,0x00,0x00] 
363: (3/12 9:08:09.761) - SMART Board (0x61) - on USB (1): RAW DATA OUT		> [0x02,0xf0,0x01,0xf1,0x00,0x00,0x00,0x00,0x00,0x00,0x00,0x00,0x00,0x00,0x00,0x00,0x00,0x00] 
364: (3/12 9:08:09.772) - SMART Board (0x61) - on USB (1): RAW DATA IN  < [0x02,0xb4,0x01,0x61,0x01,0x10,0x01,0xc4,0x00,0x00,0x00,0x00,0x00,0x00,0x00,0x00,0x00,0x00] 
365: (3/12 9:08:09.773) - SMART Board (0x61) - on USB (1):  Pentray Found.
366: (3/12 9:08:10.210) - SMART Board (0x61) - on USB (1): RAW DATA IN  < [0x02,0xc3,0x00,0x61,0x80,0x00,0x22,0x00,0x00,0x00,0x00,0x00,0x00,0x00,0x00,0x00,0x00,0x00] 
367: (3/12 9:08:10.259) - SMART Board (0x61) - on USB (1): RAW DATA OUT		> [0x02,0xe1,0x00,0x01,0xe0,0x00,0x00,0x00,0x00,0x00,0x00,0x00,0x00,0x00,0x00,0x00,0x00,0x00] 
368: (3/12 9:08:10.711) - SMART Board (0x61) - on USB (1): RAW DATA IN  < [0x02,0xc3,0x00,0x61,0x80,0x00,0x22,0x00,0x00,0x00,0x00,0x00,0x00,0x00,0x00,0x00,0x00,0x00] 
369: (3/12 9:08:10.759) - SMART Board (0x61) - on USB (1): RAW DATA OUT		> [0x02,0xe1,0x00,0x01,0xe0,0x00,0x00,0x00,0x00,0x00,0x00,0x00,0x00,0x00,0x00,0x00,0x00,0x00] 
370: (3/12 9:08:11.216) - SMART Board (0x61) - on USB (1): RAW DATA IN  < [0x02,0xc3,0x00,0x61,0x80,0x00,0x22,0x00,0x00,0x00,0x00,0x00,0x00,0x00,0x00,0x00,0x00,0x00] 
371: (3/12 9:08:11.265) - SMART Board (0x61) - on USB (1): RAW DATA OUT		> [0x02,0xe1,0x00,0x01,0xe0,0x00,0x00,0x00,0x00,0x00,0x00,0x00,0x00,0x00,0x00,0x00,0x00,0x00] 
372: (3/12 9:08:11.713) - SMART Board (0x61) - on USB (1): RAW DATA IN  < [0x02,0xc3,0x00,0x61,0x80,0x00,0x22,0x00,0x00,0x00,0x00,0x00,0x00,0x00,0x00,0x00,0x00,0x00] 
373: (3/12 9:08:11.761) - SMART Board (0x61) - on USB (1): RAW DATA OUT		> [0x02,0xe1,0x00,0x01,0xe0,0x00,0x00,0x00,0x00,0x00,0x00,0x00,0x00,0x00,0x00,0x00,0x00,0x00] 
374: (3/12 9:08:12.214) - SMART Board (0x61) - on USB (1): RAW DATA IN  < [0x02,0xc3,0x00,0x61,0x80,0x00,0x22,0x00,0x00,0x00,0x00,0x00,0x00,0x00,0x00,0x00,0x00,0x00] 
375: (3/12 9:08:12.262) - SMART Board (0x61) - on USB (1): RAW DATA OUT		> [0x02,0xe1,0x00,0x01,0xe0,0x00,0x00,0x00,0x00,0x00,0x00,0x00,0x00,0x00,0x00,0x00,0x00,0x00] 
376: (3/12 9:08:12.718) - SMART Board (0x61) - on USB (1): RAW DATA IN  < [0x02,0xc3,0x00,0x61,0x80,0x00,0x22,0x00,0x00,0x00,0x00,0x00,0x00,0x00,0x00,0x00,0x00,0x00] 
377: (3/12 9:08:12.767) - SMART Board (0x61) - on USB (1): RAW DATA OUT		> [0x02,0xe1,0x00,0x01,0xe0,0x00,0x00,0x00,0x00,0x00,0x00,0x00,0x00,0x00,0x00,0x00,0x00,0x00] 
378: (3/12 9:08:13.216) - SMART Board (0x61) - on USB (1): RAW DATA IN  < [0x02,0xc3,0x00,0x61,0x80,0x00,0x22,0x00,0x00,0x00,0x00,0x00,0x00,0x00,0x00,0x00,0x00,0x00] 
379: (3/12 9:08:13.265) - SMART Board (0x61) - on USB (1): RAW DATA OUT		> [0x02,0xe1,0x00,0x01,0xe0,0x00,0x00,0x00,0x00,0x00,0x00,0x00,0x00,0x00,0x00,0x00,0x00,0x00] 
380: (3/12 9:08:13.717) - SMART Board (0x61) - on USB (1): RAW DATA IN  < [0x02,0xc3,0x00,0x61,0x80,0x00,0x22,0x00,0x00,0x00,0x00,0x00,0x00,0x00,0x00,0x00,0x00,0x00] 
381: (3/12 9:08:13.766) - SMART Board (0x61) - on USB (1): RAW DATA OUT		> [0x02,0xe1,0x00,0x01,0xe0,0x00,0x00,0x00,0x00,0x00,0x00,0x00,0x00,0x00,0x00,0x00,0x00,0x00] 
382: (3/12 9:08:14.222) - SMART Board (0x61) - on USB (1): RAW DATA IN  < [0x02,0xc3,0x00,0x61,0x80,0x00,0x22,0x00,0x00,0x00,0x00,0x00,0x00,0x00,0x00,0x00,0x00,0x00] 
383: (3/12 9:08:14.270) - SMART Board (0x61) - on USB (1): RAW DATA OUT		> [0x02,0xe1,0x00,0x01,0xe0,0x00,0x00,0x00,0x00,0x00,0x00,0x00,0x00,0x00,0x00,0x00,0x00,0x00] 
384: (3/12 9:08:14.724) - SMART Board (0x61) - on USB (1): RAW DATA IN  < [0x02,0xc3,0x00,0x61,0x80,0x00,0x22,0x00,0x00,0x00,0x00,0x00,0x00,0x00,0x00,0x00,0x00,0x00] 
385: (3/12 9:08:14.772) - SMART Board (0x61) - on USB (1): RAW DATA OUT		> [0x02,0xe1,0x00,0x01,0xe0,0x00,0x00,0x00,0x00,0x00,0x00,0x00,0x00,0x00,0x00,0x00,0x00,0x00] 
386: (3/12 9:08:15.220) - SMART Board (0x61) - on USB (1): RAW DATA IN  < [0x02,0xc3,0x00,0x61,0x80,0x00,0x22,0x00,0x00,0x00,0x00,0x00,0x00,0x00,0x00,0x00,0x00,0x00] 
387: (3/12 9:08:15.269) - SMART Board (0x61) - on USB (1): RAW DATA OUT		> [0x02,0xe1,0x00,0x01,0xe0,0x00,0x00,0x00,0x00,0x00,0x00,0x00,0x00,0x00,0x00,0x00,0x00,0x00] 
388: (3/12 9:08:15.723) - SMART Board (0x61) - on USB (1): RAW DATA IN  < [0x02,0xc3,0x00,0x61,0x80,0x00,0x22,0x00,0x00,0x00,0x00,0x00,0x00,0x00,0x00,0x00,0x00,0x00] 
389: (3/12 9:08:15.770) - SMART Board (0x61) - on USB (1): RAW DATA OUT		> [0x02,0xe1,0x00,0x01,0xe0,0x00,0x00,0x00,0x00,0x00,0x00,0x00,0x00,0x00,0x00,0x00,0x00,0x00] 
390: (3/12 9:08:16.224) - SMART Board (0x61) - on USB (1): RAW DATA IN  < [0x02,0xc3,0x00,0x61,0x80,0x00,0x22,0x00,0x00,0x00,0x00,0x00,0x00,0x00,0x00,0x00,0x00,0x00] 
391: (3/12 9:08:16.273) - SMART Board (0x61) - on USB (1): RAW DATA OUT		> [0x02,0xe1,0x00,0x01,0xe0,0x00,0x00,0x00,0x00,0x00,0x00,0x00,0x00,0x00,0x00,0x00,0x00,0x00] 
392: (3/12 9:08:16.722) - SMART Board (0x61) - on USB (1): RAW DATA IN  < [0x02,0xc3,0x00,0x61,0x80,0x00,0x22,0x00,0x00,0x00,0x00,0x00,0x00,0x00,0x00,0x00,0x00,0x00] 
393: (3/12 9:08:16.771) - SMART Board (0x61) - on USB (1): RAW DATA OUT		> [0x02,0xe1,0x00,0x01,0xe0,0x00,0x00,0x00,0x00,0x00,0x00,0x00,0x00,0x00,0x00,0x00,0x00,0x00] 
1: (3/12 9:08:16.912) - Starting SMART Board software service 3/12/18 9:08 AM 9:08 AM (Version 11.3.2121.1 09:48:04 Jun 10 2014).
2: (3/12 9:08:16.969) - Stopping the SMART Board software service 3/12/18 9:08 AM 9:08 AM.
394: (3/12 9:08:16.971) - SMART Board (0x61) - on USB (1): RAW DATA OUT		> [0x02,0xd2,0x07,0xff,0x00,0x2a,0x00,0x00,0x00,0x00,0x00,0x00,0x00,0x00,0x00,0x00,0x00,0x00] 
395: (3/12 9:08:16.976) - SMART Board (0x61) - on USB (1): RAW DATA OUT		> [0x02,0xd2,0x07,0xff,0x20,0x0a,0x00,0x00,0x00,0x00,0x00,0x00,0x00,0x00,0x00,0x00,0x00,0x00] 
396: (3/12 9:08:16.978) - SMART Board (0x61) - on USB (1):  STATUS CHANGE from BOARD_OPEN to BOARD_CLOSED
397: (3/12 9:08:16.984) - SMART Board (0x61) - on USB (1): RAW DATA OUT		> [0x02,0xf0,0x19,0xe9,0x00,0x00,0x00,0x00,0x00,0x00,0x00,0x00,0x00,0x00,0x00,0x00,0x00,0x00] 
398: (3/12 9:08:17.026) - Stopping the SMART Board software service 3/12/18 9:08 AM 9:08 AM.
1: (3/12 8:53:05.529) - Starting SMART Board software service 3/12/18 8:53 AM 8:53 AM (Version 11.3.2121.1 09:48:04 Jun 10 2014).
2: (3/12 8:53:05.588) - SBSDK: Port number 59471.
3: (3/12 8:53:05.648) - SMART Board (0x61) - on USB (1):  STATUS CHANGE from BOARD_CLOSED to BOARD_DEVICE_IN_USE
4: (3/12 8:55:05.841) - SMART Board (0x61) - on USB (1):  STATUS CHANGE from BOARD_DEVICE_IN_USE to BOARD_DEVICE_NOT_PRESENT
